{"/Users/kush/api-hub/backend/src/adapters/AdapterFactory.ts": {"path":"/Users/kush/api-hub/backend/src/adapters/AdapterFactory.ts","statementMap":{"0":{"start":{"line":2,"column":0},"end":{"line":2,"column":50}},"1":{"start":{"line":3,"column":0},"end":{"line":3,"column":48}},"2":{"start":{"line":4,"column":0},"end":{"line":4,"column":64}},"3":{"start":{"line":5,"column":0},"end":{"line":5,"column":46}},"4":{"start":{"line":6,"column":0},"end":{"line":6,"column":48}},"5":{"start":{"line":20,"column":4},"end":{"line":33,"column":5}},"6":{"start":{"line":22,"column":8},"end":{"line":22,"column":47}},"7":{"start":{"line":24,"column":8},"end":{"line":24,"column":46}},"8":{"start":{"line":26,"column":8},"end":{"line":26,"column":54}},"9":{"start":{"line":28,"column":8},"end":{"line":28,"column":45}},"10":{"start":{"line":30,"column":8},"end":{"line":30,"column":46}},"11":{"start":{"line":32,"column":8},"end":{"line":32,"column":61}},"12":{"start":{"line":44,"column":20},"end":{"line":44,"column":61}},"13":{"start":{"line":46,"column":4},"end":{"line":59,"column":5}},"14":{"start":{"line":48,"column":8},"end":{"line":48,"column":63}},"15":{"start":{"line":50,"column":8},"end":{"line":50,"column":75}},"16":{"start":{"line":52,"column":8},"end":{"line":52,"column":83}},"17":{"start":{"line":54,"column":8},"end":{"line":54,"column":74}},"18":{"start":{"line":56,"column":8},"end":{"line":56,"column":62}},"19":{"start":{"line":58,"column":8},"end":{"line":58,"column":61}},"20":{"start":{"line":18,"column":0},"end":{"line":18,"column":13}}},"fnMap":{"0":{"name":"(anonymous_0)","decl":{"start":{"line":19,"column":2},"end":{"line":19,"column":8}},"loc":{"start":{"line":19,"column":69},"end":{"line":34,"column":3}}},"1":{"name":"(anonymous_1)","decl":{"start":{"line":39,"column":2},"end":{"line":39,"column":8}},"loc":{"start":{"line":42,"column":17},"end":{"line":60,"column":3}}}},"branchMap":{"0":{"loc":{"start":{"line":20,"column":4},"end":{"line":33,"column":5}},"type":"switch","locations":[{"start":{"line":21,"column":6},"end":{"line":22,"column":47}},{"start":{"line":23,"column":6},"end":{"line":24,"column":46}},{"start":{"line":25,"column":6},"end":{"line":26,"column":54}},{"start":{"line":27,"column":6},"end":{"line":28,"column":45}},{"start":{"line":29,"column":6},"end":{"line":30,"column":46}},{"start":{"line":31,"column":6},"end":{"line":32,"column":61}}]},"1":{"loc":{"start":{"line":46,"column":4},"end":{"line":59,"column":5}},"type":"switch","locations":[{"start":{"line":47,"column":6},"end":{"line":48,"column":63}},{"start":{"line":49,"column":6},"end":{"line":50,"column":75}},{"start":{"line":51,"column":6},"end":{"line":52,"column":83}},{"start":{"line":53,"column":6},"end":{"line":54,"column":74}},{"start":{"line":55,"column":6},"end":{"line":56,"column":62}},{"start":{"line":57,"column":6},"end":{"line":58,"column":61}}]}},"s":{"0":0,"1":0,"2":0,"3":0,"4":0,"5":0,"6":0,"7":0,"8":0,"9":0,"10":0,"11":0,"12":0,"13":0,"14":0,"15":0,"16":0,"17":0,"18":0,"19":0,"20":0},"f":{"0":0,"1":0},"b":{"0":[0,0,0,0,0,0],"1":[0,0,0,0,0,0]}}
,"/Users/kush/api-hub/backend/src/adapters/FitbitAdapter.ts": {"path":"/Users/kush/api-hub/backend/src/adapters/FitbitAdapter.ts","statementMap":{"0":{"start":{"line":1,"column":0},"end":{"line":1,"column":45}},"1":{"start":{"line":54,"column":4},"end":{"line":60,"column":7}},"2":{"start":{"line":67,"column":21},"end":{"line":67,"column":66}},"3":{"start":{"line":68,"column":17},"end":{"line":68,"column":35}},"4":{"start":{"line":70,"column":4},"end":{"line":77,"column":6}},"5":{"start":{"line":84,"column":21},"end":{"line":85,"column":null}},"6":{"start":{"line":88,"column":4},"end":{"line":96,"column":8}},"7":{"start":{"line":88,"column":80},"end":{"line":96,"column":6}},"8":{"start":{"line":103,"column":21},"end":{"line":104,"column":null}},"9":{"start":{"line":107,"column":4},"end":{"line":111,"column":8}},"10":{"start":{"line":107,"column":65},"end":{"line":111,"column":6}},"11":{"start":{"line":118,"column":21},"end":{"line":118,"column":93}},"12":{"start":{"line":120,"column":4},"end":{"line":126,"column":8}},"13":{"start":{"line":120,"column":51},"end":{"line":126,"column":6}},"14":{"start":{"line":133,"column":20},"end":{"line":133,"column":58}},"15":{"start":{"line":134,"column":22},"end":{"line":136,"column":20}},"16":{"start":{"line":138,"column":52},"end":{"line":143,"column":6}},"17":{"start":{"line":147,"column":6},"end":{"line":147,"column":73}},"18":{"start":{"line":147,"column":36},"end":{"line":147,"column":49}},"19":{"start":{"line":149,"column":6},"end":{"line":149,"column":76}},"20":{"start":{"line":149,"column":36},"end":{"line":149,"column":52}},"21":{"start":{"line":151,"column":6},"end":{"line":151,"column":76}},"22":{"start":{"line":151,"column":31},"end":{"line":151,"column":52}},"23":{"start":{"line":153,"column":4},"end":{"line":163,"column":6}},"24":{"start":{"line":50,"column":0},"end":{"line":50,"column":13}}},"fnMap":{"0":{"name":"(anonymous_1)","decl":{"start":{"line":53,"column":2},"end":{"line":53,"column":14}},"loc":{"start":{"line":53,"column":33},"end":{"line":61,"column":3}}},"1":{"name":"(anonymous_2)","decl":{"start":{"line":66,"column":2},"end":{"line":66,"column":7}},"loc":{"start":{"line":66,"column":18},"end":{"line":78,"column":3}}},"2":{"name":"(anonymous_3)","decl":{"start":{"line":83,"column":2},"end":{"line":83,"column":7}},"loc":{"start":{"line":83,"column":56},"end":{"line":97,"column":3}}},"3":{"name":"(anonymous_4)","decl":{"start":{"line":88,"column":49},"end":{"line":88,"column":50}},"loc":{"start":{"line":88,"column":80},"end":{"line":96,"column":6}}},"4":{"name":"(anonymous_5)","decl":{"start":{"line":102,"column":2},"end":{"line":102,"column":7}},"loc":{"start":{"line":102,"column":55},"end":{"line":112,"column":3}}},"5":{"name":"(anonymous_6)","decl":{"start":{"line":107,"column":49},"end":{"line":107,"column":50}},"loc":{"start":{"line":107,"column":65},"end":{"line":111,"column":6}}},"6":{"name":"(anonymous_7)","decl":{"start":{"line":117,"column":2},"end":{"line":117,"column":7}},"loc":{"start":{"line":117,"column":51},"end":{"line":127,"column":3}}},"7":{"name":"(anonymous_8)","decl":{"start":{"line":120,"column":35},"end":{"line":120,"column":36}},"loc":{"start":{"line":120,"column":51},"end":{"line":126,"column":6}}},"8":{"name":"(anonymous_9)","decl":{"start":{"line":132,"column":2},"end":{"line":132,"column":7}},"loc":{"start":{"line":132,"column":43},"end":{"line":164,"column":3}}},"9":{"name":"(anonymous_10)","decl":{"start":{"line":147,"column":24},"end":{"line":147,"column":25}},"loc":{"start":{"line":147,"column":36},"end":{"line":147,"column":49}}},"10":{"name":"(anonymous_11)","decl":{"start":{"line":149,"column":24},"end":{"line":149,"column":25}},"loc":{"start":{"line":149,"column":36},"end":{"line":149,"column":52}}},"11":{"name":"(anonymous_12)","decl":{"start":{"line":151,"column":19},"end":{"line":151,"column":20}},"loc":{"start":{"line":151,"column":31},"end":{"line":151,"column":52}}}},"branchMap":{"0":{"loc":{"start":{"line":91,"column":27},"end":{"line":91,"column":84}},"type":"binary-expr","locations":[{"start":{"line":91,"column":27},"end":{"line":91,"column":77}},{"start":{"line":91,"column":81},"end":{"line":91,"column":84}}]},"1":{"loc":{"start":{"line":92,"column":25},"end":{"line":92,"column":82}},"type":"binary-expr","locations":[{"start":{"line":92,"column":25},"end":{"line":92,"column":75}},{"start":{"line":92,"column":79},"end":{"line":92,"column":82}}]},"2":{"loc":{"start":{"line":94,"column":8},"end":{"line":94,"column":76}},"type":"binary-expr","locations":[{"start":{"line":94,"column":8},"end":{"line":94,"column":69}},{"start":{"line":94,"column":73},"end":{"line":94,"column":76}}]},"3":{"loc":{"start":{"line":109,"column":24},"end":{"line":109,"column":57}},"type":"binary-expr","locations":[{"start":{"line":109,"column":24},"end":{"line":109,"column":52}},{"start":{"line":109,"column":56},"end":{"line":109,"column":57}}]},"4":{"loc":{"start":{"line":110,"column":13},"end":{"line":110,"column":45}},"type":"binary-expr","locations":[{"start":{"line":110,"column":13},"end":{"line":110,"column":39}},{"start":{"line":110,"column":43},"end":{"line":110,"column":45}}]},"5":{"loc":{"start":{"line":132,"column":26},"end":{"line":132,"column":43}},"type":"default-arg","locations":[{"start":{"line":132,"column":41},"end":{"line":132,"column":43}}]}},"s":{"0":0,"1":0,"2":0,"3":0,"4":0,"5":0,"6":0,"7":0,"8":0,"9":0,"10":0,"11":0,"12":0,"13":0,"14":0,"15":0,"16":0,"17":0,"18":0,"19":0,"20":0,"21":0,"22":0,"23":0,"24":0},"f":{"0":0,"1":0,"2":0,"3":0,"4":0,"5":0,"6":0,"7":0,"8":0,"9":0,"10":0,"11":0},"b":{"0":[0,0],"1":[0,0],"2":[0,0],"3":[0,0],"4":[0,0],"5":[0]}}
,"/Users/kush/api-hub/backend/src/adapters/GoogleCalendarAdapter.ts": {"path":"/Users/kush/api-hub/backend/src/adapters/GoogleCalendarAdapter.ts","statementMap":{"0":{"start":{"line":1,"column":0},"end":{"line":1,"column":45}},"1":{"start":{"line":38,"column":4},"end":{"line":44,"column":7}},"2":{"start":{"line":51,"column":21},"end":{"line":51,"column":65}},"3":{"start":{"line":52,"column":4},"end":{"line":57,"column":6}},"4":{"start":{"line":64,"column":21},"end":{"line":64,"column":80}},"5":{"start":{"line":65,"column":4},"end":{"line":68,"column":8}},"6":{"start":{"line":65,"column":50},"end":{"line":68,"column":6}},"7":{"start":{"line":79,"column":24},"end":{"line":83,"column":6}},"8":{"start":{"line":85,"column":4},"end":{"line":85,"column":42}},"9":{"start":{"line":85,"column":17},"end":{"line":85,"column":42}},"10":{"start":{"line":86,"column":4},"end":{"line":86,"column":42}},"11":{"start":{"line":86,"column":17},"end":{"line":86,"column":42}},"12":{"start":{"line":88,"column":21},"end":{"line":90,"column":6}},"13":{"start":{"line":92,"column":4},"end":{"line":108,"column":10}},"14":{"start":{"line":93,"column":30},"end":{"line":93,"column":51}},"15":{"start":{"line":94,"column":28},"end":{"line":108,"column":8}},"16":{"start":{"line":106,"column":53},"end":{"line":106,"column":71}},"17":{"start":{"line":115,"column":24},"end":{"line":115,"column":37}},"18":{"start":{"line":116,"column":23},"end":{"line":116,"column":24}},"19":{"start":{"line":117,"column":48},"end":{"line":117,"column":50}},"20":{"start":{"line":118,"column":51},"end":{"line":118,"column":53}},"21":{"start":{"line":120,"column":4},"end":{"line":135,"column":7}},"22":{"start":{"line":122,"column":20},"end":{"line":122,"column":50}},"23":{"start":{"line":123,"column":18},"end":{"line":123,"column":46}},"24":{"start":{"line":124,"column":30},"end":{"line":124,"column":77}},"25":{"start":{"line":125,"column":6},"end":{"line":125,"column":38}},"26":{"start":{"line":128,"column":18},"end":{"line":128,"column":51}},"27":{"start":{"line":129,"column":6},"end":{"line":129,"column":53}},"28":{"start":{"line":132,"column":6},"end":{"line":134,"column":9}},"29":{"start":{"line":133,"column":8},"end":{"line":133,"column":83}},"30":{"start":{"line":138,"column":25},"end":{"line":141,"column":19}},"31":{"start":{"line":139,"column":32},"end":{"line":139,"column":48}},"32":{"start":{"line":140,"column":22},"end":{"line":140,"column":39}},"33":{"start":{"line":143,"column":4},"end":{"line":148,"column":6}},"34":{"start":{"line":155,"column":20},"end":{"line":155,"column":83}},"35":{"start":{"line":156,"column":20},"end":{"line":156,"column":44}},"36":{"start":{"line":158,"column":41},"end":{"line":162,"column":6}},"37":{"start":{"line":164,"column":20},"end":{"line":164,"column":49}},"38":{"start":{"line":166,"column":4},"end":{"line":171,"column":6}},"39":{"start":{"line":34,"column":0},"end":{"line":34,"column":13}}},"fnMap":{"0":{"name":"(anonymous_1)","decl":{"start":{"line":37,"column":2},"end":{"line":37,"column":14}},"loc":{"start":{"line":37,"column":33},"end":{"line":45,"column":3}}},"1":{"name":"(anonymous_2)","decl":{"start":{"line":50,"column":2},"end":{"line":50,"column":7}},"loc":{"start":{"line":50,"column":18},"end":{"line":58,"column":3}}},"2":{"name":"(anonymous_3)","decl":{"start":{"line":63,"column":2},"end":{"line":63,"column":7}},"loc":{"start":{"line":63,"column":20},"end":{"line":69,"column":3}}},"3":{"name":"(anonymous_4)","decl":{"start":{"line":65,"column":35},"end":{"line":65,"column":36}},"loc":{"start":{"line":65,"column":50},"end":{"line":68,"column":6}}},"4":{"name":"(anonymous_5)","decl":{"start":{"line":74,"column":2},"end":{"line":74,"column":7}},"loc":{"start":{"line":77,"column":20},"end":{"line":109,"column":3}}},"5":{"name":"(anonymous_6)","decl":{"start":{"line":93,"column":14},"end":{"line":93,"column":15}},"loc":{"start":{"line":93,"column":30},"end":{"line":93,"column":51}}},"6":{"name":"(anonymous_7)","decl":{"start":{"line":94,"column":11},"end":{"line":94,"column":12}},"loc":{"start":{"line":94,"column":28},"end":{"line":108,"column":8}}},"7":{"name":"(anonymous_8)","decl":{"start":{"line":106,"column":40},"end":{"line":106,"column":41}},"loc":{"start":{"line":106,"column":53},"end":{"line":106,"column":71}}},"8":{"name":"(anonymous_9)","decl":{"start":{"line":114,"column":10},"end":{"line":114,"column":26}},"loc":{"start":{"line":114,"column":50},"end":{"line":149,"column":3}}},"9":{"name":"(anonymous_10)","decl":{"start":{"line":120,"column":19},"end":{"line":120,"column":20}},"loc":{"start":{"line":120,"column":29},"end":{"line":135,"column":5}}},"10":{"name":"(anonymous_11)","decl":{"start":{"line":132,"column":31},"end":{"line":132,"column":32}},"loc":{"start":{"line":132,"column":44},"end":{"line":134,"column":7}}},"11":{"name":"(anonymous_12)","decl":{"start":{"line":139,"column":11},"end":{"line":139,"column":12}},"loc":{"start":{"line":139,"column":32},"end":{"line":139,"column":48}}},"12":{"name":"(anonymous_13)","decl":{"start":{"line":140,"column":12},"end":{"line":140,"column":13}},"loc":{"start":{"line":140,"column":22},"end":{"line":140,"column":39}}},"13":{"name":"(anonymous_14)","decl":{"start":{"line":154,"column":2},"end":{"line":154,"column":7}},"loc":{"start":{"line":154,"column":43},"end":{"line":172,"column":3}}}},"branchMap":{"0":{"loc":{"start":{"line":75,"column":4},"end":{"line":75,"column":28}},"type":"default-arg","locations":[{"start":{"line":75,"column":25},"end":{"line":75,"column":28}}]},"1":{"loc":{"start":{"line":85,"column":4},"end":{"line":85,"column":42}},"type":"if","locations":[{"start":{"line":85,"column":4},"end":{"line":85,"column":42}},{"start":{},"end":{}}]},"2":{"loc":{"start":{"line":86,"column":4},"end":{"line":86,"column":42}},"type":"if","locations":[{"start":{"line":86,"column":4},"end":{"line":86,"column":42}},{"start":{},"end":{}}]},"3":{"loc":{"start":{"line":129,"column":26},"end":{"line":129,"column":47}},"type":"binary-expr","locations":[{"start":{"line":129,"column":26},"end":{"line":129,"column":42}},{"start":{"line":129,"column":46},"end":{"line":129,"column":47}}]},"4":{"loc":{"start":{"line":133,"column":42},"end":{"line":133,"column":77}},"type":"binary-expr","locations":[{"start":{"line":133,"column":42},"end":{"line":133,"column":72}},{"start":{"line":133,"column":76},"end":{"line":133,"column":77}}]},"5":{"loc":{"start":{"line":154,"column":26},"end":{"line":154,"column":43}},"type":"default-arg","locations":[{"start":{"line":154,"column":41},"end":{"line":154,"column":43}}]}},"s":{"0":0,"1":0,"2":0,"3":0,"4":0,"5":0,"6":0,"7":0,"8":0,"9":0,"10":0,"11":0,"12":0,"13":0,"14":0,"15":0,"16":0,"17":0,"18":0,"19":0,"20":0,"21":0,"22":0,"23":0,"24":0,"25":0,"26":0,"27":0,"28":0,"29":0,"30":0,"31":0,"32":0,"33":0,"34":0,"35":0,"36":0,"37":0,"38":0,"39":0},"f":{"0":0,"1":0,"2":0,"3":0,"4":0,"5":0,"6":0,"7":0,"8":0,"9":0,"10":0,"11":0,"12":0,"13":0},"b":{"0":[0],"1":[0,0],"2":[0,0],"3":[0,0],"4":[0,0],"5":[0]}}
,"/Users/kush/api-hub/backend/src/adapters/NotionAdapter.ts": {"path":"/Users/kush/api-hub/backend/src/adapters/NotionAdapter.ts","statementMap":{"0":{"start":{"line":1,"column":0},"end":{"line":1,"column":42}},"1":{"start":{"line":41,"column":4},"end":{"line":43,"column":7}},"2":{"start":{"line":50,"column":21},"end":{"line":50,"column":51}},"3":{"start":{"line":52,"column":4},"end":{"line":57,"column":6}},"4":{"start":{"line":64,"column":21},"end":{"line":70,"column":6}},"5":{"start":{"line":72,"column":32},"end":{"line":72,"column":34}},"6":{"start":{"line":73,"column":40},"end":{"line":73,"column":42}},"7":{"start":{"line":75,"column":4},"end":{"line":94,"column":7}},"8":{"start":{"line":76,"column":6},"end":{"line":93,"column":7}},"9":{"start":{"line":77,"column":22},"end":{"line":77,"column":56}},"10":{"start":{"line":78,"column":8},"end":{"line":84,"column":11}},"11":{"start":{"line":85,"column":13},"end":{"line":93,"column":7}},"12":{"start":{"line":86,"column":22},"end":{"line":86,"column":51}},"13":{"start":{"line":87,"column":8},"end":{"line":92,"column":11}},"14":{"start":{"line":96,"column":4},"end":{"line":96,"column":32}},"15":{"start":{"line":103,"column":4},"end":{"line":121,"column":5}},"16":{"start":{"line":104,"column":28},"end":{"line":106,"column":8}},"17":{"start":{"line":108,"column":6},"end":{"line":117,"column":9}},"18":{"start":{"line":109,"column":22},"end":{"line":109,"column":56}},"19":{"start":{"line":110,"column":8},"end":{"line":116,"column":10}},"20":{"start":{"line":119,"column":6},"end":{"line":119,"column":55}},"21":{"start":{"line":120,"column":6},"end":{"line":120,"column":16}},"22":{"start":{"line":128,"column":4},"end":{"line":134,"column":5}},"23":{"start":{"line":130,"column":6},"end":{"line":132,"column":7}},"24":{"start":{"line":131,"column":8},"end":{"line":131,"column":40}},"25":{"start":{"line":133,"column":6},"end":{"line":133,"column":24}},"26":{"start":{"line":137,"column":4},"end":{"line":142,"column":5}},"27":{"start":{"line":138,"column":19},"end":{"line":138,"column":34}},"28":{"start":{"line":139,"column":6},"end":{"line":141,"column":7}},"29":{"start":{"line":140,"column":8},"end":{"line":140,"column":40}},"30":{"start":{"line":144,"column":4},"end":{"line":144,"column":22}},"31":{"start":{"line":151,"column":17},"end":{"line":151,"column":37}},"32":{"start":{"line":152,"column":33},"end":{"line":152,"column":52}},"33":{"start":{"line":155,"column":32},"end":{"line":163,"column":null}},"34":{"start":{"line":157,"column":8},"end":{"line":162,"column":9}},"35":{"start":{"line":158,"column":26},"end":{"line":158,"column":60}},"36":{"start":{"line":159,"column":10},"end":{"line":159,"column":54}},"37":{"start":{"line":161,"column":10},"end":{"line":161,"column":41}},"38":{"start":{"line":167,"column":27},"end":{"line":172,"column":19}},"39":{"start":{"line":170,"column":10},"end":{"line":170,"column":85}},"40":{"start":{"line":174,"column":4},"end":{"line":183,"column":6}},"41":{"start":{"line":37,"column":0},"end":{"line":37,"column":13}}},"fnMap":{"0":{"name":"(anonymous_0)","decl":{"start":{"line":40,"column":2},"end":{"line":40,"column":14}},"loc":{"start":{"line":40,"column":33},"end":{"line":44,"column":3}}},"1":{"name":"(anonymous_1)","decl":{"start":{"line":49,"column":2},"end":{"line":49,"column":7}},"loc":{"start":{"line":49,"column":15},"end":{"line":58,"column":3}}},"2":{"name":"(anonymous_2)","decl":{"start":{"line":63,"column":2},"end":{"line":63,"column":7}},"loc":{"start":{"line":63,"column":29},"end":{"line":97,"column":3}}},"3":{"name":"(anonymous_3)","decl":{"start":{"line":75,"column":29},"end":{"line":75,"column":30}},"loc":{"start":{"line":75,"column":43},"end":{"line":94,"column":5}}},"4":{"name":"(anonymous_4)","decl":{"start":{"line":102,"column":2},"end":{"line":102,"column":7}},"loc":{"start":{"line":102,"column":43},"end":{"line":122,"column":3}}},"5":{"name":"(anonymous_5)","decl":{"start":{"line":108,"column":34},"end":{"line":108,"column":35}},"loc":{"start":{"line":108,"column":48},"end":{"line":117,"column":7}}},"6":{"name":"(anonymous_6)","decl":{"start":{"line":127,"column":10},"end":{"line":127,"column":22}},"loc":{"start":{"line":127,"column":38},"end":{"line":145,"column":3}}},"7":{"name":"(anonymous_7)","decl":{"start":{"line":150,"column":2},"end":{"line":150,"column":7}},"loc":{"start":{"line":150,"column":25},"end":{"line":184,"column":3}}},"8":{"name":"(anonymous_8)","decl":{"start":{"line":156,"column":33},"end":{"line":156,"column":38}},"loc":{"start":{"line":156,"column":46},"end":{"line":163,"column":7}}},"9":{"name":"(anonymous_9)","decl":{"start":{"line":169,"column":8},"end":{"line":169,"column":9}},"loc":{"start":{"line":170,"column":10},"end":{"line":170,"column":85}}}},"branchMap":{"0":{"loc":{"start":{"line":54,"column":13},"end":{"line":54,"column":51}},"type":"binary-expr","locations":[{"start":{"line":54,"column":13},"end":{"line":54,"column":34}},{"start":{"line":54,"column":38},"end":{"line":54,"column":51}}]},"1":{"loc":{"start":{"line":55,"column":14},"end":{"line":55,"column":50}},"type":"binary-expr","locations":[{"start":{"line":55,"column":14},"end":{"line":55,"column":44}},{"start":{"line":55,"column":48},"end":{"line":55,"column":50}}]},"2":{"loc":{"start":{"line":76,"column":6},"end":{"line":93,"column":7}},"type":"if","locations":[{"start":{"line":76,"column":6},"end":{"line":93,"column":7}},{"start":{"line":85,"column":13},"end":{"line":93,"column":7}}]},"3":{"loc":{"start":{"line":85,"column":13},"end":{"line":93,"column":7}},"type":"if","locations":[{"start":{"line":85,"column":13},"end":{"line":93,"column":7}},{"start":{},"end":{}}]},"4":{"loc":{"start":{"line":128,"column":4},"end":{"line":134,"column":5}},"type":"if","locations":[{"start":{"line":128,"column":4},"end":{"line":134,"column":5}},{"start":{},"end":{}}]},"5":{"loc":{"start":{"line":130,"column":6},"end":{"line":132,"column":7}},"type":"if","locations":[{"start":{"line":130,"column":6},"end":{"line":132,"column":7}},{"start":{},"end":{}}]},"6":{"loc":{"start":{"line":130,"column":10},"end":{"line":130,"column":59}},"type":"binary-expr","locations":[{"start":{"line":130,"column":10},"end":{"line":130,"column":31}},{"start":{"line":130,"column":35},"end":{"line":130,"column":59}}]},"7":{"loc":{"start":{"line":139,"column":6},"end":{"line":141,"column":7}},"type":"if","locations":[{"start":{"line":139,"column":6},"end":{"line":141,"column":7}},{"start":{},"end":{}}]},"8":{"loc":{"start":{"line":139,"column":10},"end":{"line":139,"column":70}},"type":"binary-expr","locations":[{"start":{"line":139,"column":10},"end":{"line":139,"column":31}},{"start":{"line":139,"column":35},"end":{"line":139,"column":45}},{"start":{"line":139,"column":49},"end":{"line":139,"column":70}}]}},"s":{"0":0,"1":0,"2":0,"3":0,"4":0,"5":0,"6":0,"7":0,"8":0,"9":0,"10":0,"11":0,"12":0,"13":0,"14":0,"15":0,"16":0,"17":0,"18":0,"19":0,"20":0,"21":0,"22":0,"23":0,"24":0,"25":0,"26":0,"27":0,"28":0,"29":0,"30":0,"31":0,"32":0,"33":0,"34":0,"35":0,"36":0,"37":0,"38":0,"39":0,"40":0,"41":0},"f":{"0":0,"1":0,"2":0,"3":0,"4":0,"5":0,"6":0,"7":0,"8":0,"9":0},"b":{"0":[0,0],"1":[0,0],"2":[0,0],"3":[0,0],"4":[0,0],"5":[0,0],"6":[0,0],"7":[0,0],"8":[0,0,0]}}
,"/Users/kush/api-hub/backend/src/adapters/PlaidAdapter.ts": {"path":"/Users/kush/api-hub/backend/src/adapters/PlaidAdapter.ts","statementMap":{"0":{"start":{"line":1,"column":0},"end":{"line":1,"column":77}},"1":{"start":{"line":41,"column":4},"end":{"line":41,"column":35}},"2":{"start":{"line":43,"column":26},"end":{"line":51,"column":6}},"3":{"start":{"line":53,"column":4},"end":{"line":53,"column":46}},"4":{"start":{"line":60,"column":21},"end":{"line":62,"column":6}},"5":{"start":{"line":64,"column":4},"end":{"line":74,"column":8}},"6":{"start":{"line":64,"column":52},"end":{"line":74,"column":6}},"7":{"start":{"line":81,"column":21},"end":{"line":85,"column":6}},"8":{"start":{"line":87,"column":4},"end":{"line":95,"column":8}},"9":{"start":{"line":87,"column":60},"end":{"line":95,"column":6}},"10":{"start":{"line":102,"column":45},"end":{"line":102,"column":47}},"11":{"start":{"line":104,"column":4},"end":{"line":110,"column":7}},"12":{"start":{"line":105,"column":6},"end":{"line":109,"column":7}},"13":{"start":{"line":107,"column":25},"end":{"line":107,"column":59}},"14":{"start":{"line":108,"column":8},"end":{"line":108,"column":76}},"15":{"start":{"line":112,"column":4},"end":{"line":112,"column":20}},"16":{"start":{"line":119,"column":20},"end":{"line":119,"column":58}},"17":{"start":{"line":120,"column":22},"end":{"line":122,"column":20}},"18":{"start":{"line":124,"column":37},"end":{"line":127,"column":6}},"19":{"start":{"line":130,"column":25},"end":{"line":130,"column":85}},"20":{"start":{"line":130,"column":55},"end":{"line":130,"column":81}},"21":{"start":{"line":132,"column":22},"end":{"line":132,"column":23}},"22":{"start":{"line":133,"column":24},"end":{"line":133,"column":25}},"23":{"start":{"line":135,"column":4},"end":{"line":141,"column":7}},"24":{"start":{"line":136,"column":6},"end":{"line":140,"column":7}},"25":{"start":{"line":137,"column":8},"end":{"line":137,"column":52}},"26":{"start":{"line":139,"column":8},"end":{"line":139,"column":44}},"27":{"start":{"line":143,"column":32},"end":{"line":143,"column":79}},"28":{"start":{"line":145,"column":4},"end":{"line":154,"column":6}},"29":{"start":{"line":36,"column":0},"end":{"line":36,"column":13}}},"fnMap":{"0":{"name":"(anonymous_0)","decl":{"start":{"line":40,"column":2},"end":{"line":40,"column":14}},"loc":{"start":{"line":40,"column":33},"end":{"line":54,"column":3}}},"1":{"name":"(anonymous_1)","decl":{"start":{"line":59,"column":2},"end":{"line":59,"column":7}},"loc":{"start":{"line":59,"column":19},"end":{"line":75,"column":3}}},"2":{"name":"(anonymous_2)","decl":{"start":{"line":64,"column":38},"end":{"line":64,"column":39}},"loc":{"start":{"line":64,"column":52},"end":{"line":74,"column":6}}},"3":{"name":"(anonymous_3)","decl":{"start":{"line":80,"column":2},"end":{"line":80,"column":7}},"loc":{"start":{"line":80,"column":58},"end":{"line":96,"column":3}}},"4":{"name":"(anonymous_4)","decl":{"start":{"line":87,"column":42},"end":{"line":87,"column":43}},"loc":{"start":{"line":87,"column":60},"end":{"line":95,"column":6}}},"5":{"name":"(anonymous_5)","decl":{"start":{"line":101,"column":10},"end":{"line":101,"column":38}},"loc":{"start":{"line":101,"column":71},"end":{"line":113,"column":3}}},"6":{"name":"(anonymous_6)","decl":{"start":{"line":104,"column":25},"end":{"line":104,"column":26}},"loc":{"start":{"line":104,"column":41},"end":{"line":110,"column":5}}},"7":{"name":"(anonymous_7)","decl":{"start":{"line":118,"column":2},"end":{"line":118,"column":7}},"loc":{"start":{"line":118,"column":43},"end":{"line":155,"column":3}}},"8":{"name":"(anonymous_8)","decl":{"start":{"line":130,"column":41},"end":{"line":130,"column":42}},"loc":{"start":{"line":130,"column":55},"end":{"line":130,"column":81}}},"9":{"name":"(anonymous_9)","decl":{"start":{"line":135,"column":25},"end":{"line":135,"column":26}},"loc":{"start":{"line":135,"column":41},"end":{"line":141,"column":5}}}},"branchMap":{"0":{"loc":{"start":{"line":44,"column":16},"end":{"line":44,"column":129}},"type":"binary-expr","locations":[{"start":{"line":44,"column":16},"end":{"line":44,"column":100}},{"start":{"line":44,"column":104},"end":{"line":44,"column":129}}]},"1":{"loc":{"start":{"line":68,"column":15},"end":{"line":68,"column":36}},"type":"binary-expr","locations":[{"start":{"line":68,"column":15},"end":{"line":68,"column":30}},{"start":{"line":68,"column":34},"end":{"line":68,"column":36}}]},"2":{"loc":{"start":{"line":70,"column":17},"end":{"line":70,"column":46}},"type":"binary-expr","locations":[{"start":{"line":70,"column":17},"end":{"line":70,"column":41}},{"start":{"line":70,"column":45},"end":{"line":70,"column":46}}]},"3":{"loc":{"start":{"line":93,"column":16},"end":{"line":93,"column":42}},"type":"binary-expr","locations":[{"start":{"line":93,"column":16},"end":{"line":93,"column":36}},{"start":{"line":93,"column":40},"end":{"line":93,"column":42}}]},"4":{"loc":{"start":{"line":105,"column":6},"end":{"line":109,"column":7}},"type":"if","locations":[{"start":{"line":105,"column":6},"end":{"line":109,"column":7}},{"start":{},"end":{}}]},"5":{"loc":{"start":{"line":107,"column":25},"end":{"line":107,"column":59}},"type":"binary-expr","locations":[{"start":{"line":107,"column":25},"end":{"line":107,"column":48}},{"start":{"line":107,"column":52},"end":{"line":107,"column":59}}]},"6":{"loc":{"start":{"line":108,"column":30},"end":{"line":108,"column":53}},"type":"binary-expr","locations":[{"start":{"line":108,"column":30},"end":{"line":108,"column":48}},{"start":{"line":108,"column":52},"end":{"line":108,"column":53}}]},"7":{"loc":{"start":{"line":118,"column":26},"end":{"line":118,"column":43}},"type":"default-arg","locations":[{"start":{"line":118,"column":41},"end":{"line":118,"column":43}}]},"8":{"loc":{"start":{"line":136,"column":6},"end":{"line":140,"column":7}},"type":"if","locations":[{"start":{"line":136,"column":6},"end":{"line":140,"column":7}},{"start":{"line":138,"column":13},"end":{"line":140,"column":7}}]}},"s":{"0":0,"1":0,"2":0,"3":0,"4":0,"5":0,"6":0,"7":0,"8":0,"9":0,"10":0,"11":0,"12":0,"13":0,"14":0,"15":0,"16":0,"17":0,"18":0,"19":0,"20":0,"21":0,"22":0,"23":0,"24":0,"25":0,"26":0,"27":0,"28":0,"29":0},"f":{"0":0,"1":0,"2":0,"3":0,"4":0,"5":0,"6":0,"7":0,"8":0,"9":0},"b":{"0":[0,0],"1":[0,0],"2":[0,0],"3":[0,0],"4":[0,0],"5":[0,0],"6":[0,0],"7":[0],"8":[0,0]}}
,"/Users/kush/api-hub/backend/src/adapters/SpotifyAdapter.ts": {"path":"/Users/kush/api-hub/backend/src/adapters/SpotifyAdapter.ts","statementMap":{"0":{"start":{"line":1,"column":0},"end":{"line":1,"column":45}},"1":{"start":{"line":33,"column":4},"end":{"line":39,"column":7}},"2":{"start":{"line":46,"column":21},"end":{"line":46,"column":49}},"3":{"start":{"line":47,"column":4},"end":{"line":52,"column":6}},"4":{"start":{"line":59,"column":21},"end":{"line":64,"column":6}},"5":{"start":{"line":66,"column":4},"end":{"line":72,"column":8}},"6":{"start":{"line":66,"column":52},"end":{"line":72,"column":6}},"7":{"start":{"line":69,"column":51},"end":{"line":69,"column":72}},"8":{"start":{"line":79,"column":21},"end":{"line":81,"column":6}},"9":{"start":{"line":83,"column":4},"end":{"line":90,"column":8}},"10":{"start":{"line":83,"column":51},"end":{"line":90,"column":6}},"11":{"start":{"line":86,"column":56},"end":{"line":86,"column":77}},"12":{"start":{"line":97,"column":49},"end":{"line":101,"column":6}},"13":{"start":{"line":104,"column":31},"end":{"line":106,"column":null}},"14":{"start":{"line":105,"column":22},"end":{"line":105,"column":45}},"15":{"start":{"line":109,"column":4},"end":{"line":117,"column":6}},"16":{"start":{"line":29,"column":0},"end":{"line":29,"column":13}}},"fnMap":{"0":{"name":"(anonymous_1)","decl":{"start":{"line":32,"column":2},"end":{"line":32,"column":14}},"loc":{"start":{"line":32,"column":33},"end":{"line":40,"column":3}}},"1":{"name":"(anonymous_2)","decl":{"start":{"line":45,"column":2},"end":{"line":45,"column":7}},"loc":{"start":{"line":45,"column":18},"end":{"line":53,"column":3}}},"2":{"name":"(anonymous_3)","decl":{"start":{"line":58,"column":2},"end":{"line":58,"column":7}},"loc":{"start":{"line":58,"column":39},"end":{"line":73,"column":3}}},"3":{"name":"(anonymous_4)","decl":{"start":{"line":66,"column":35},"end":{"line":66,"column":36}},"loc":{"start":{"line":66,"column":52},"end":{"line":72,"column":6}}},"4":{"name":"(anonymous_5)","decl":{"start":{"line":69,"column":33},"end":{"line":69,"column":34}},"loc":{"start":{"line":69,"column":51},"end":{"line":69,"column":72}}},"5":{"name":"(anonymous_6)","decl":{"start":{"line":78,"column":2},"end":{"line":78,"column":7}},"loc":{"start":{"line":78,"column":44},"end":{"line":91,"column":3}}},"6":{"name":"(anonymous_7)","decl":{"start":{"line":83,"column":35},"end":{"line":83,"column":36}},"loc":{"start":{"line":83,"column":51},"end":{"line":90,"column":6}}},"7":{"name":"(anonymous_8)","decl":{"start":{"line":86,"column":38},"end":{"line":86,"column":39}},"loc":{"start":{"line":86,"column":56},"end":{"line":86,"column":77}}},"8":{"name":"(anonymous_9)","decl":{"start":{"line":96,"column":2},"end":{"line":96,"column":7}},"loc":{"start":{"line":96,"column":25},"end":{"line":118,"column":3}}},"9":{"name":"(anonymous_10)","decl":{"start":{"line":105,"column":6},"end":{"line":105,"column":7}},"loc":{"start":{"line":105,"column":22},"end":{"line":105,"column":45}}}},"branchMap":{"0":{"loc":{"start":{"line":58,"column":21},"end":{"line":58,"column":39}},"type":"default-arg","locations":[{"start":{"line":58,"column":37},"end":{"line":58,"column":39}}]},"1":{"loc":{"start":{"line":78,"column":26},"end":{"line":78,"column":44}},"type":"default-arg","locations":[{"start":{"line":78,"column":42},"end":{"line":78,"column":44}}]}},"s":{"0":0,"1":0,"2":0,"3":0,"4":0,"5":0,"6":0,"7":0,"8":0,"9":0,"10":0,"11":0,"12":0,"13":0,"14":0,"15":0,"16":0},"f":{"0":0,"1":0,"2":0,"3":0,"4":0,"5":0,"6":0,"7":0,"8":0,"9":0},"b":{"0":[0],"1":[0]}}
,"/Users/kush/api-hub/backend/src/auth/OAuthManager.ts": {"path":"/Users/kush/api-hub/backend/src/auth/OAuthManager.ts","statementMap":{"0":{"start":{"line":1,"column":0},"end":{"line":1,"column":26}},"1":{"start":{"line":3,"column":0},"end":{"line":3,"column":70}},"2":{"start":{"line":34,"column":4},"end":{"line":34,"column":29}},"3":{"start":{"line":35,"column":4},"end":{"line":35,"column":29}},"4":{"start":{"line":40,"column":4},"end":{"line":48,"column":7}},"5":{"start":{"line":51,"column":4},"end":{"line":59,"column":7}},"6":{"start":{"line":62,"column":4},"end":{"line":74,"column":7}},"7":{"start":{"line":77,"column":4},"end":{"line":84,"column":7}},"8":{"start":{"line":87,"column":4},"end":{"line":95,"column":7}},"9":{"start":{"line":102,"column":19},"end":{"line":102,"column":45}},"10":{"start":{"line":103,"column":4},"end":{"line":105,"column":5}},"11":{"start":{"line":104,"column":6},"end":{"line":104,"column":61}},"12":{"start":{"line":107,"column":19},"end":{"line":112,"column":6}},"13":{"start":{"line":114,"column":4},"end":{"line":116,"column":5}},"14":{"start":{"line":115,"column":6},"end":{"line":115,"column":53}},"15":{"start":{"line":119,"column":4},"end":{"line":122,"column":5}},"16":{"start":{"line":120,"column":6},"end":{"line":120,"column":46}},"17":{"start":{"line":121,"column":6},"end":{"line":121,"column":41}},"18":{"start":{"line":124,"column":4},"end":{"line":126,"column":5}},"19":{"start":{"line":125,"column":6},"end":{"line":125,"column":45}},"20":{"start":{"line":128,"column":4},"end":{"line":128,"column":61}},"21":{"start":{"line":138,"column":19},"end":{"line":138,"column":45}},"22":{"start":{"line":139,"column":4},"end":{"line":141,"column":5}},"23":{"start":{"line":140,"column":6},"end":{"line":140,"column":61}},"24":{"start":{"line":143,"column":19},"end":{"line":149,"column":6}},"25":{"start":{"line":151,"column":4},"end":{"line":168,"column":5}},"26":{"start":{"line":152,"column":23},"end":{"line":156,"column":8}},"27":{"start":{"line":158,"column":6},"end":{"line":164,"column":8}},"28":{"start":{"line":166,"column":6},"end":{"line":166,"column":89}},"29":{"start":{"line":167,"column":6},"end":{"line":167,"column":78}},"30":{"start":{"line":178,"column":19},"end":{"line":178,"column":45}},"31":{"start":{"line":179,"column":4},"end":{"line":181,"column":5}},"32":{"start":{"line":180,"column":6},"end":{"line":180,"column":61}},"33":{"start":{"line":183,"column":19},"end":{"line":188,"column":6}},"34":{"start":{"line":190,"column":4},"end":{"line":206,"column":5}},"35":{"start":{"line":191,"column":23},"end":{"line":195,"column":8}},"36":{"start":{"line":197,"column":6},"end":{"line":202,"column":8}},"37":{"start":{"line":204,"column":6},"end":{"line":204,"column":82}},"38":{"start":{"line":205,"column":6},"end":{"line":205,"column":67}},"39":{"start":{"line":213,"column":19},"end":{"line":213,"column":45}},"40":{"start":{"line":214,"column":4},"end":{"line":216,"column":5}},"41":{"start":{"line":215,"column":6},"end":{"line":215,"column":65}},"42":{"start":{"line":218,"column":4},"end":{"line":229,"column":5}},"43":{"start":{"line":219,"column":23},"end":{"line":223,"column":8}},"44":{"start":{"line":225,"column":6},"end":{"line":225,"column":27}},"45":{"start":{"line":227,"column":6},"end":{"line":227,"column":82}},"46":{"start":{"line":228,"column":6},"end":{"line":228,"column":67}},"47":{"start":{"line":236,"column":28},"end":{"line":236,"column":55}},"48":{"start":{"line":237,"column":29},"end":{"line":237,"column":91}},"49":{"start":{"line":239,"column":4},"end":{"line":244,"column":6}},"50":{"start":{"line":251,"column":24},"end":{"line":255,"column":6}},"51":{"start":{"line":258,"column":4},"end":{"line":264,"column":5}},"52":{"start":{"line":259,"column":6},"end":{"line":263,"column":9}},"53":{"start":{"line":266,"column":4},"end":{"line":269,"column":6}},"54":{"start":{"line":30,"column":0},"end":{"line":30,"column":13}},"55":{"start":{"line":273,"column":0},"end":{"line":273,"column":34}}},"fnMap":{"0":{"name":"(anonymous_1)","decl":{"start":{"line":33,"column":2},"end":{"line":33,"column":null}},"loc":{"start":{"line":33,"column":2},"end":{"line":36,"column":3}}},"1":{"name":"(anonymous_2)","decl":{"start":{"line":38,"column":10},"end":{"line":38,"column":27}},"loc":{"start":{"line":38,"column":27},"end":{"line":96,"column":3}}},"2":{"name":"(anonymous_3)","decl":{"start":{"line":101,"column":2},"end":{"line":101,"column":21}},"loc":{"start":{"line":101,"column":62},"end":{"line":129,"column":3}}},"3":{"name":"(anonymous_4)","decl":{"start":{"line":134,"column":2},"end":{"line":134,"column":7}},"loc":{"start":{"line":136,"column":16},"end":{"line":169,"column":3}}},"4":{"name":"(anonymous_5)","decl":{"start":{"line":174,"column":2},"end":{"line":174,"column":7}},"loc":{"start":{"line":176,"column":24},"end":{"line":207,"column":3}}},"5":{"name":"(anonymous_6)","decl":{"start":{"line":212,"column":2},"end":{"line":212,"column":7}},"loc":{"start":{"line":212,"column":66},"end":{"line":230,"column":3}}},"6":{"name":"(anonymous_7)","decl":{"start":{"line":235,"column":2},"end":{"line":235,"column":15}},"loc":{"start":{"line":235,"column":35},"end":{"line":245,"column":3}}},"7":{"name":"(anonymous_8)","decl":{"start":{"line":250,"column":2},"end":{"line":250,"column":15}},"loc":{"start":{"line":250,"column":42},"end":{"line":270,"column":3}}}},"branchMap":{"0":{"loc":{"start":{"line":41,"column":16},"end":{"line":41,"column":51}},"type":"binary-expr","locations":[{"start":{"line":41,"column":16},"end":{"line":41,"column":45}},{"start":{"line":41,"column":49},"end":{"line":41,"column":51}}]},"1":{"loc":{"start":{"line":42,"column":20},"end":{"line":42,"column":59}},"type":"binary-expr","locations":[{"start":{"line":42,"column":20},"end":{"line":42,"column":53}},{"start":{"line":42,"column":57},"end":{"line":42,"column":59}}]},"2":{"loc":{"start":{"line":43,"column":19},"end":{"line":43,"column":57}},"type":"binary-expr","locations":[{"start":{"line":43,"column":19},"end":{"line":43,"column":51}},{"start":{"line":43,"column":55},"end":{"line":43,"column":57}}]},"3":{"loc":{"start":{"line":52,"column":16},"end":{"line":52,"column":50}},"type":"binary-expr","locations":[{"start":{"line":52,"column":16},"end":{"line":52,"column":44}},{"start":{"line":52,"column":48},"end":{"line":52,"column":50}}]},"4":{"loc":{"start":{"line":53,"column":20},"end":{"line":53,"column":58}},"type":"binary-expr","locations":[{"start":{"line":53,"column":20},"end":{"line":53,"column":52}},{"start":{"line":53,"column":56},"end":{"line":53,"column":58}}]},"5":{"loc":{"start":{"line":54,"column":19},"end":{"line":54,"column":56}},"type":"binary-expr","locations":[{"start":{"line":54,"column":19},"end":{"line":54,"column":50}},{"start":{"line":54,"column":54},"end":{"line":54,"column":56}}]},"6":{"loc":{"start":{"line":63,"column":16},"end":{"line":63,"column":50}},"type":"binary-expr","locations":[{"start":{"line":63,"column":16},"end":{"line":63,"column":44}},{"start":{"line":63,"column":48},"end":{"line":63,"column":50}}]},"7":{"loc":{"start":{"line":64,"column":20},"end":{"line":64,"column":58}},"type":"binary-expr","locations":[{"start":{"line":64,"column":20},"end":{"line":64,"column":52}},{"start":{"line":64,"column":56},"end":{"line":64,"column":58}}]},"8":{"loc":{"start":{"line":65,"column":19},"end":{"line":65,"column":56}},"type":"binary-expr","locations":[{"start":{"line":65,"column":19},"end":{"line":65,"column":50}},{"start":{"line":65,"column":54},"end":{"line":65,"column":56}}]},"9":{"loc":{"start":{"line":78,"column":16},"end":{"line":78,"column":49}},"type":"binary-expr","locations":[{"start":{"line":78,"column":16},"end":{"line":78,"column":43}},{"start":{"line":78,"column":47},"end":{"line":78,"column":49}}]},"10":{"loc":{"start":{"line":79,"column":20},"end":{"line":79,"column":50}},"type":"binary-expr","locations":[{"start":{"line":79,"column":20},"end":{"line":79,"column":44}},{"start":{"line":79,"column":48},"end":{"line":79,"column":50}}]},"11":{"loc":{"start":{"line":80,"column":19},"end":{"line":80,"column":55}},"type":"binary-expr","locations":[{"start":{"line":80,"column":19},"end":{"line":80,"column":49}},{"start":{"line":80,"column":53},"end":{"line":80,"column":55}}]},"12":{"loc":{"start":{"line":88,"column":16},"end":{"line":88,"column":50}},"type":"binary-expr","locations":[{"start":{"line":88,"column":16},"end":{"line":88,"column":44}},{"start":{"line":88,"column":48},"end":{"line":88,"column":50}}]},"13":{"loc":{"start":{"line":89,"column":20},"end":{"line":89,"column":58}},"type":"binary-expr","locations":[{"start":{"line":89,"column":20},"end":{"line":89,"column":52}},{"start":{"line":89,"column":56},"end":{"line":89,"column":58}}]},"14":{"loc":{"start":{"line":90,"column":19},"end":{"line":90,"column":56}},"type":"binary-expr","locations":[{"start":{"line":90,"column":19},"end":{"line":90,"column":50}},{"start":{"line":90,"column":54},"end":{"line":90,"column":56}}]},"15":{"loc":{"start":{"line":103,"column":4},"end":{"line":105,"column":5}},"type":"if","locations":[{"start":{"line":103,"column":4},"end":{"line":105,"column":5}},{"start":{},"end":{}}]},"16":{"loc":{"start":{"line":114,"column":4},"end":{"line":116,"column":5}},"type":"if","locations":[{"start":{"line":114,"column":4},"end":{"line":116,"column":5}},{"start":{},"end":{}}]},"17":{"loc":{"start":{"line":119,"column":4},"end":{"line":122,"column":5}},"type":"if","locations":[{"start":{"line":119,"column":4},"end":{"line":122,"column":5}},{"start":{},"end":{}}]},"18":{"loc":{"start":{"line":124,"column":4},"end":{"line":126,"column":5}},"type":"if","locations":[{"start":{"line":124,"column":4},"end":{"line":126,"column":5}},{"start":{},"end":{}}]},"19":{"loc":{"start":{"line":139,"column":4},"end":{"line":141,"column":5}},"type":"if","locations":[{"start":{"line":139,"column":4},"end":{"line":141,"column":5}},{"start":{},"end":{}}]},"20":{"loc":{"start":{"line":179,"column":4},"end":{"line":181,"column":5}},"type":"if","locations":[{"start":{"line":179,"column":4},"end":{"line":181,"column":5}},{"start":{},"end":{}}]},"21":{"loc":{"start":{"line":199,"column":22},"end":{"line":199,"column":65}},"type":"binary-expr","locations":[{"start":{"line":199,"column":22},"end":{"line":199,"column":49}},{"start":{"line":199,"column":53},"end":{"line":199,"column":65}}]},"22":{"loc":{"start":{"line":214,"column":4},"end":{"line":216,"column":5}},"type":"if","locations":[{"start":{"line":214,"column":4},"end":{"line":216,"column":5}},{"start":{},"end":{}}]},"23":{"loc":{"start":{"line":214,"column":8},"end":{"line":214,"column":38}},"type":"binary-expr","locations":[{"start":{"line":214,"column":8},"end":{"line":214,"column":15}},{"start":{"line":214,"column":19},"end":{"line":214,"column":38}}]},"24":{"loc":{"start":{"line":237,"column":29},"end":{"line":237,"column":91}},"type":"cond-expr","locations":[{"start":{"line":237,"column":51},"end":{"line":237,"column":79}},{"start":{"line":237,"column":82},"end":{"line":237,"column":91}}]},"25":{"loc":{"start":{"line":258,"column":4},"end":{"line":264,"column":5}},"type":"if","locations":[{"start":{"line":258,"column":4},"end":{"line":264,"column":5}},{"start":{},"end":{}}]}},"s":{"0":0,"1":0,"2":0,"3":0,"4":0,"5":0,"6":0,"7":0,"8":0,"9":0,"10":0,"11":0,"12":0,"13":0,"14":0,"15":0,"16":0,"17":0,"18":0,"19":0,"20":0,"21":0,"22":0,"23":0,"24":0,"25":0,"26":0,"27":0,"28":0,"29":0,"30":0,"31":0,"32":0,"33":0,"34":0,"35":0,"36":0,"37":0,"38":0,"39":0,"40":0,"41":0,"42":0,"43":0,"44":0,"45":0,"46":0,"47":0,"48":0,"49":0,"50":0,"51":0,"52":0,"53":0,"54":0,"55":0},"f":{"0":0,"1":0,"2":0,"3":0,"4":0,"5":0,"6":0,"7":0},"b":{"0":[0,0],"1":[0,0],"2":[0,0],"3":[0,0],"4":[0,0],"5":[0,0],"6":[0,0],"7":[0,0],"8":[0,0],"9":[0,0],"10":[0,0],"11":[0,0],"12":[0,0],"13":[0,0],"14":[0,0],"15":[0,0],"16":[0,0],"17":[0,0],"18":[0,0],"19":[0,0],"20":[0,0],"21":[0,0],"22":[0,0],"23":[0,0],"24":[0,0],"25":[0,0]}}
,"/Users/kush/api-hub/backend/src/middleware/auth.ts": {"path":"/Users/kush/api-hub/backend/src/middleware/auth.ts","statementMap":{"0":{"start":{"line":2,"column":0},"end":{"line":2,"column":55}},"1":{"start":{"line":11,"column":28},"end":{"line":32,"column":1}},"2":{"start":{"line":16,"column":2},"end":{"line":31,"column":3}},"3":{"start":{"line":17,"column":23},"end":{"line":17,"column":48}},"4":{"start":{"line":19,"column":4},"end":{"line":22,"column":5}},"5":{"start":{"line":20,"column":6},"end":{"line":20,"column":59}},"6":{"start":{"line":21,"column":6},"end":{"line":21,"column":13}},"7":{"start":{"line":24,"column":18},"end":{"line":24,"column":41}},"8":{"start":{"line":25,"column":20},"end":{"line":25,"column":38}},"9":{"start":{"line":27,"column":5},"end":{"line":27,"column":32}},"10":{"start":{"line":28,"column":4},"end":{"line":28,"column":11}},"11":{"start":{"line":30,"column":4},"end":{"line":30,"column":64}},"12":{"start":{"line":11,"column":13},"end":{"line":11,"column":28}},"13":{"start":{"line":37,"column":27},"end":{"line":53,"column":1}},"14":{"start":{"line":38,"column":2},"end":{"line":52,"column":4}},"15":{"start":{"line":39,"column":18},"end":{"line":39,"column":60}},"16":{"start":{"line":41,"column":4},"end":{"line":44,"column":5}},"17":{"start":{"line":42,"column":6},"end":{"line":42,"column":54}},"18":{"start":{"line":43,"column":6},"end":{"line":43,"column":13}},"19":{"start":{"line":46,"column":4},"end":{"line":49,"column":5}},"20":{"start":{"line":47,"column":6},"end":{"line":47,"column":66}},"21":{"start":{"line":48,"column":6},"end":{"line":48,"column":13}},"22":{"start":{"line":51,"column":4},"end":{"line":51,"column":11}},"23":{"start":{"line":37,"column":13},"end":{"line":37,"column":27}},"24":{"start":{"line":58,"column":28},"end":{"line":76,"column":1}},"25":{"start":{"line":63,"column":2},"end":{"line":73,"column":3}},"26":{"start":{"line":64,"column":23},"end":{"line":64,"column":48}},"27":{"start":{"line":66,"column":4},"end":{"line":70,"column":5}},"28":{"start":{"line":67,"column":20},"end":{"line":67,"column":43}},"29":{"start":{"line":68,"column":22},"end":{"line":68,"column":40}},"30":{"start":{"line":69,"column":7},"end":{"line":69,"column":34}},"31":{"start":{"line":75,"column":2},"end":{"line":75,"column":9}},"32":{"start":{"line":58,"column":13},"end":{"line":58,"column":28}}},"fnMap":{"0":{"name":"(anonymous_0)","decl":{"start":{"line":11,"column":28},"end":{"line":11,"column":null}},"loc":{"start":{"line":15,"column":10},"end":{"line":32,"column":1}}},"1":{"name":"(anonymous_1)","decl":{"start":{"line":37,"column":27},"end":{"line":37,"column":28}},"loc":{"start":{"line":37,"column":57},"end":{"line":53,"column":1}}},"2":{"name":"(anonymous_2)","decl":{"start":{"line":38,"column":9},"end":{"line":38,"column":10}},"loc":{"start":{"line":38,"column":67},"end":{"line":52,"column":3}}},"3":{"name":"(anonymous_3)","decl":{"start":{"line":58,"column":28},"end":{"line":58,"column":null}},"loc":{"start":{"line":62,"column":10},"end":{"line":76,"column":1}}}},"branchMap":{"0":{"loc":{"start":{"line":19,"column":4},"end":{"line":22,"column":5}},"type":"if","locations":[{"start":{"line":19,"column":4},"end":{"line":22,"column":5}},{"start":{},"end":{}}]},"1":{"loc":{"start":{"line":19,"column":8},"end":{"line":19,"column":56}},"type":"binary-expr","locations":[{"start":{"line":19,"column":8},"end":{"line":19,"column":19}},{"start":{"line":19,"column":23},"end":{"line":19,"column":56}}]},"2":{"loc":{"start":{"line":41,"column":4},"end":{"line":44,"column":5}},"type":"if","locations":[{"start":{"line":41,"column":4},"end":{"line":44,"column":5}},{"start":{},"end":{}}]},"3":{"loc":{"start":{"line":46,"column":4},"end":{"line":49,"column":5}},"type":"if","locations":[{"start":{"line":46,"column":4},"end":{"line":49,"column":5}},{"start":{},"end":{}}]},"4":{"loc":{"start":{"line":66,"column":4},"end":{"line":70,"column":5}},"type":"if","locations":[{"start":{"line":66,"column":4},"end":{"line":70,"column":5}},{"start":{},"end":{}}]},"5":{"loc":{"start":{"line":66,"column":8},"end":{"line":66,"column":54}},"type":"binary-expr","locations":[{"start":{"line":66,"column":8},"end":{"line":66,"column":18}},{"start":{"line":66,"column":22},"end":{"line":66,"column":54}}]}},"s":{"0":2,"1":2,"2":0,"3":0,"4":0,"5":0,"6":0,"7":0,"8":0,"9":0,"10":0,"11":0,"12":2,"13":2,"14":0,"15":0,"16":0,"17":0,"18":0,"19":0,"20":0,"21":0,"22":0,"23":2,"24":2,"25":0,"26":0,"27":0,"28":0,"29":0,"30":0,"31":0,"32":2},"f":{"0":0,"1":0,"2":0,"3":0},"b":{"0":[0,0],"1":[0,0],"2":[0,0],"3":[0,0],"4":[0,0],"5":[0,0]}}
,"/Users/kush/api-hub/backend/src/middleware/rateLimiter.ts": {"path":"/Users/kush/api-hub/backend/src/middleware/rateLimiter.ts","statementMap":{"0":{"start":{"line":1,"column":0},"end":{"line":1,"column":43}},"1":{"start":{"line":2,"column":0},"end":{"line":2,"column":41}},"2":{"start":{"line":7,"column":13},"end":{"line":13,"column":3}},"3":{"start":{"line":18,"column":13},"end":{"line":24,"column":3}},"4":{"start":{"line":31,"column":30},"end":{"line":62,"column":1}},"5":{"start":{"line":32,"column":2},"end":{"line":61,"column":4}},"6":{"start":{"line":33,"column":4},"end":{"line":35,"column":5}},"7":{"start":{"line":34,"column":6},"end":{"line":34,"column":20}},"8":{"start":{"line":37,"column":16},"end":{"line":37,"column":59}},"9":{"start":{"line":39,"column":4},"end":{"line":60,"column":5}},"10":{"start":{"line":40,"column":22},"end":{"line":40,"column":49}},"11":{"start":{"line":42,"column":6},"end":{"line":44,"column":7}},"12":{"start":{"line":43,"column":8},"end":{"line":43,"column":53}},"13":{"start":{"line":46,"column":6},"end":{"line":51,"column":7}},"14":{"start":{"line":47,"column":8},"end":{"line":50,"column":11}},"15":{"start":{"line":53,"column":6},"end":{"line":53,"column":65}},"16":{"start":{"line":54,"column":6},"end":{"line":54,"column":81}},"17":{"start":{"line":56,"column":6},"end":{"line":56,"column":13}},"18":{"start":{"line":58,"column":6},"end":{"line":58,"column":50}},"19":{"start":{"line":59,"column":6},"end":{"line":59,"column":13}},"20":{"start":{"line":31,"column":13},"end":{"line":31,"column":30}},"21":{"start":{"line":67,"column":13},"end":{"line":67,"column":62}}},"fnMap":{"0":{"name":"(anonymous_1)","decl":{"start":{"line":31,"column":30},"end":{"line":31,"column":31}},"loc":{"start":{"line":31,"column":77},"end":{"line":62,"column":1}}},"1":{"name":"(anonymous_2)","decl":{"start":{"line":32,"column":9},"end":{"line":32,"column":14}},"loc":{"start":{"line":32,"column":49},"end":{"line":61,"column":3}}}},"branchMap":{"0":{"loc":{"start":{"line":8,"column":21},"end":{"line":8,"column":65}},"type":"binary-expr","locations":[{"start":{"line":8,"column":21},"end":{"line":8,"column":53}},{"start":{"line":8,"column":57},"end":{"line":8,"column":65}}]},"1":{"loc":{"start":{"line":9,"column":16},"end":{"line":9,"column":60}},"type":"binary-expr","locations":[{"start":{"line":9,"column":16},"end":{"line":9,"column":51}},{"start":{"line":9,"column":55},"end":{"line":9,"column":60}}]},"2":{"loc":{"start":{"line":33,"column":4},"end":{"line":35,"column":5}},"type":"if","locations":[{"start":{"line":33,"column":4},"end":{"line":35,"column":5}},{"start":{},"end":{}}]},"3":{"loc":{"start":{"line":42,"column":6},"end":{"line":44,"column":7}},"type":"if","locations":[{"start":{"line":42,"column":6},"end":{"line":44,"column":7}},{"start":{},"end":{}}]},"4":{"loc":{"start":{"line":46,"column":6},"end":{"line":51,"column":7}},"type":"if","locations":[{"start":{"line":46,"column":6},"end":{"line":51,"column":7}},{"start":{},"end":{}}]}},"s":{"0":3,"1":3,"2":3,"3":3,"4":3,"5":3,"6":0,"7":0,"8":0,"9":0,"10":0,"11":0,"12":0,"13":0,"14":0,"15":0,"16":0,"17":0,"18":0,"19":0,"20":3,"21":3},"f":{"0":3,"1":0},"b":{"0":[3,0],"1":[3,0],"2":[0,0],"3":[0,0],"4":[0,0]}}
,"/Users/kush/api-hub/backend/src/middleware/upload.ts": {"path":"/Users/kush/api-hub/backend/src/middleware/upload.ts","statementMap":{"0":{"start":{"line":1,"column":0},"end":{"line":1,"column":28}},"1":{"start":{"line":2,"column":0},"end":{"line":2,"column":24}},"2":{"start":{"line":5,"column":16},"end":{"line":5,"column":38}},"3":{"start":{"line":8,"column":19},"end":{"line":18,"column":1}},"4":{"start":{"line":9,"column":23},"end":{"line":9,"column":51}},"5":{"start":{"line":10,"column":18},"end":{"line":10,"column":82}},"6":{"start":{"line":11,"column":19},"end":{"line":11,"column":51}},"7":{"start":{"line":13,"column":2},"end":{"line":17,"column":3}},"8":{"start":{"line":14,"column":4},"end":{"line":14,"column":26}},"9":{"start":{"line":16,"column":4},"end":{"line":16,"column":79}},"10":{"start":{"line":21,"column":13},"end":{"line":27,"column":3}}},"fnMap":{"0":{"name":"(anonymous_1)","decl":{"start":{"line":8,"column":19},"end":{"line":8,"column":20}},"loc":{"start":{"line":8,"column":90},"end":{"line":18,"column":1}}}},"branchMap":{"0":{"loc":{"start":{"line":13,"column":2},"end":{"line":17,"column":3}},"type":"if","locations":[{"start":{"line":13,"column":2},"end":{"line":17,"column":3}},{"start":{"line":15,"column":9},"end":{"line":17,"column":3}}]},"1":{"loc":{"start":{"line":13,"column":6},"end":{"line":13,"column":25}},"type":"binary-expr","locations":[{"start":{"line":13,"column":6},"end":{"line":13,"column":14}},{"start":{"line":13,"column":18},"end":{"line":13,"column":25}}]}},"s":{"0":1,"1":1,"2":1,"3":1,"4":0,"5":0,"6":0,"7":0,"8":0,"9":0,"10":1},"f":{"0":0},"b":{"0":[0,0],"1":[0,0]}}
,"/Users/kush/api-hub/backend/src/models/AuditLog.ts": {"path":"/Users/kush/api-hub/backend/src/models/AuditLog.ts","statementMap":{"0":{"start":{"line":1,"column":0},"end":{"line":1,"column":55}},"1":{"start":{"line":2,"column":0},"end":{"line":2,"column":42}},"2":{"start":{"line":40,"column":0},"end":{"line":116,"column":2}},"3":{"start":{"line":118,"column":0},"end":{"line":118,"column":24}}},"fnMap":{},"branchMap":{},"s":{"0":3,"1":3,"2":3,"3":3},"f":{},"b":{}}
,"/Users/kush/api-hub/backend/src/models/Badge.ts": {"path":"/Users/kush/api-hub/backend/src/models/Badge.ts","statementMap":{"0":{"start":{"line":1,"column":0},"end":{"line":1,"column":55}},"1":{"start":{"line":2,"column":0},"end":{"line":2,"column":42}},"2":{"start":{"line":31,"column":0},"end":{"line":78,"column":2}},"3":{"start":{"line":80,"column":0},"end":{"line":80,"column":21}}},"fnMap":{},"branchMap":{},"s":{"0":3,"1":3,"2":3,"3":3},"f":{},"b":{}}
,"/Users/kush/api-hub/backend/src/models/Company.ts": {"path":"/Users/kush/api-hub/backend/src/models/Company.ts","statementMap":{"0":{"start":{"line":1,"column":0},"end":{"line":1,"column":55}},"1":{"start":{"line":2,"column":0},"end":{"line":2,"column":42}},"2":{"start":{"line":43,"column":0},"end":{"line":114,"column":2}},"3":{"start":{"line":116,"column":0},"end":{"line":116,"column":23}}},"fnMap":{},"branchMap":{},"s":{"0":3,"1":3,"2":3,"3":3},"f":{},"b":{}}
,"/Users/kush/api-hub/backend/src/models/ConnectedService.ts": {"path":"/Users/kush/api-hub/backend/src/models/ConnectedService.ts","statementMap":{"0":{"start":{"line":1,"column":0},"end":{"line":1,"column":55}},"1":{"start":{"line":2,"column":0},"end":{"line":2,"column":42}},"2":{"start":{"line":50,"column":0},"end":{"line":128,"column":2}},"3":{"start":{"line":130,"column":0},"end":{"line":130,"column":32}}},"fnMap":{},"branchMap":{},"s":{"0":3,"1":3,"2":3,"3":3},"f":{},"b":{}}
,"/Users/kush/api-hub/backend/src/models/DailyChallenge.ts": {"path":"/Users/kush/api-hub/backend/src/models/DailyChallenge.ts","statementMap":{"0":{"start":{"line":1,"column":0},"end":{"line":1,"column":55}},"1":{"start":{"line":2,"column":0},"end":{"line":2,"column":42}},"2":{"start":{"line":39,"column":0},"end":{"line":102,"column":2}},"3":{"start":{"line":104,"column":0},"end":{"line":104,"column":30}}},"fnMap":{},"branchMap":{},"s":{"0":3,"1":3,"2":3,"3":3},"f":{},"b":{}}
,"/Users/kush/api-hub/backend/src/models/DataAccessPermission.ts": {"path":"/Users/kush/api-hub/backend/src/models/DataAccessPermission.ts","statementMap":{"0":{"start":{"line":1,"column":0},"end":{"line":1,"column":55}},"1":{"start":{"line":2,"column":0},"end":{"line":2,"column":42}},"2":{"start":{"line":60,"column":0},"end":{"line":162,"column":2}},"3":{"start":{"line":164,"column":0},"end":{"line":164,"column":36}}},"fnMap":{},"branchMap":{},"s":{"0":3,"1":3,"2":3,"3":3},"f":{},"b":{}}
,"/Users/kush/api-hub/backend/src/models/Receipt.ts": {"path":"/Users/kush/api-hub/backend/src/models/Receipt.ts","statementMap":{"0":{"start":{"line":1,"column":0},"end":{"line":1,"column":55}},"1":{"start":{"line":2,"column":0},"end":{"line":2,"column":42}},"2":{"start":{"line":43,"column":0},"end":{"line":117,"column":2}},"3":{"start":{"line":119,"column":0},"end":{"line":119,"column":23}}},"fnMap":{},"branchMap":{},"s":{"0":3,"1":3,"2":3,"3":3},"f":{},"b":{}}
,"/Users/kush/api-hub/backend/src/models/Transaction.ts": {"path":"/Users/kush/api-hub/backend/src/models/Transaction.ts","statementMap":{"0":{"start":{"line":1,"column":0},"end":{"line":1,"column":55}},"1":{"start":{"line":2,"column":0},"end":{"line":2,"column":42}},"2":{"start":{"line":53,"column":0},"end":{"line":156,"column":2}},"3":{"start":{"line":158,"column":0},"end":{"line":158,"column":27}}},"fnMap":{},"branchMap":{},"s":{"0":3,"1":3,"2":3,"3":3},"f":{},"b":{}}
,"/Users/kush/api-hub/backend/src/models/User.ts": {"path":"/Users/kush/api-hub/backend/src/models/User.ts","statementMap":{"0":{"start":{"line":1,"column":0},"end":{"line":1,"column":55}},"1":{"start":{"line":2,"column":0},"end":{"line":2,"column":42}},"2":{"start":{"line":43,"column":0},"end":{"line":109,"column":2}},"3":{"start":{"line":111,"column":0},"end":{"line":111,"column":20}}},"fnMap":{},"branchMap":{},"s":{"0":3,"1":3,"2":3,"3":3},"f":{},"b":{}}
,"/Users/kush/api-hub/backend/src/models/Withdrawal.ts": {"path":"/Users/kush/api-hub/backend/src/models/Withdrawal.ts","statementMap":{"0":{"start":{"line":1,"column":0},"end":{"line":1,"column":55}},"1":{"start":{"line":2,"column":0},"end":{"line":2,"column":42}},"2":{"start":{"line":39,"column":0},"end":{"line":113,"column":2}},"3":{"start":{"line":115,"column":0},"end":{"line":115,"column":26}}},"fnMap":{},"branchMap":{},"s":{"0":3,"1":3,"2":3,"3":3},"f":{},"b":{}}
,"/Users/kush/api-hub/backend/src/models/index.ts": {"path":"/Users/kush/api-hub/backend/src/models/index.ts","statementMap":{"0":{"start":{"line":1,"column":0},"end":{"line":1,"column":7}},"1":{"start":{"line":112,"column":9},"end":{"line":1,"column":26}},"2":{"start":{"line":2,"column":0},"end":{"line":2,"column":7}},"3":{"start":{"line":112,"column":15},"end":{"line":2,"column":50}},"4":{"start":{"line":3,"column":0},"end":{"line":3,"column":7}},"5":{"start":{"line":112,"column":33},"end":{"line":3,"column":58}},"6":{"start":{"line":4,"column":0},"end":{"line":4,"column":7}},"7":{"start":{"line":112,"column":55},"end":{"line":4,"column":34}},"8":{"start":{"line":5,"column":0},"end":{"line":5,"column":7}},"9":{"start":{"line":112,"column":65},"end":{"line":5,"column":40}},"10":{"start":{"line":6,"column":0},"end":{"line":6,"column":7}},"11":{"start":{"line":112,"column":78},"end":{"line":6,"column":32}},"12":{"start":{"line":7,"column":0},"end":{"line":7,"column":7}},"13":{"start":{"line":112,"column":87},"end":{"line":7,"column":28}},"14":{"start":{"line":8,"column":0},"end":{"line":8,"column":7}},"15":{"start":{"line":112,"column":94},"end":{"line":8,"column":46}},"16":{"start":{"line":9,"column":0},"end":{"line":9,"column":7}},"17":{"start":{"line":112,"column":110},"end":{"line":9,"column":32}},"18":{"start":{"line":10,"column":0},"end":{"line":10,"column":7}},"19":{"start":{"line":112,"column":119},"end":{"line":10,"column":38}},"20":{"start":{"line":13,"column":0},"end":{"line":16,"column":3}},"21":{"start":{"line":18,"column":0},"end":{"line":21,"column":3}},"22":{"start":{"line":23,"column":0},"end":{"line":26,"column":3}},"23":{"start":{"line":28,"column":0},"end":{"line":31,"column":3}},"24":{"start":{"line":33,"column":0},"end":{"line":36,"column":3}},"25":{"start":{"line":38,"column":0},"end":{"line":41,"column":3}},"26":{"start":{"line":43,"column":0},"end":{"line":46,"column":3}},"27":{"start":{"line":48,"column":0},"end":{"line":51,"column":3}},"28":{"start":{"line":53,"column":0},"end":{"line":56,"column":3}},"29":{"start":{"line":58,"column":0},"end":{"line":61,"column":3}},"30":{"start":{"line":63,"column":0},"end":{"line":66,"column":3}},"31":{"start":{"line":69,"column":0},"end":{"line":72,"column":3}},"32":{"start":{"line":74,"column":0},"end":{"line":77,"column":3}},"33":{"start":{"line":80,"column":0},"end":{"line":83,"column":3}},"34":{"start":{"line":85,"column":0},"end":{"line":88,"column":3}},"35":{"start":{"line":91,"column":0},"end":{"line":94,"column":3}},"36":{"start":{"line":96,"column":0},"end":{"line":99,"column":3}},"37":{"start":{"line":102,"column":0},"end":{"line":105,"column":3}},"38":{"start":{"line":107,"column":0},"end":{"line":110,"column":3}},"39":{"start":{"line":114,"column":28},"end":{"line":131,"column":1}},"40":{"start":{"line":115,"column":2},"end":{"line":130,"column":3}},"41":{"start":{"line":116,"column":4},"end":{"line":116,"column":31}},"42":{"start":{"line":117,"column":4},"end":{"line":117,"column":43}},"43":{"start":{"line":118,"column":4},"end":{"line":118,"column":47}},"44":{"start":{"line":119,"column":4},"end":{"line":119,"column":35}},"45":{"start":{"line":120,"column":4},"end":{"line":120,"column":38}},"46":{"start":{"line":121,"column":4},"end":{"line":121,"column":34}},"47":{"start":{"line":122,"column":4},"end":{"line":122,"column":34}},"48":{"start":{"line":123,"column":4},"end":{"line":123,"column":32}},"49":{"start":{"line":124,"column":4},"end":{"line":124,"column":41}},"50":{"start":{"line":125,"column":4},"end":{"line":125,"column":37}},"51":{"start":{"line":126,"column":4},"end":{"line":126,"column":50}},"52":{"start":{"line":128,"column":4},"end":{"line":128,"column":60}},"53":{"start":{"line":129,"column":4},"end":{"line":129,"column":16}},"54":{"start":{"line":114,"column":13},"end":{"line":114,"column":28}}},"fnMap":{"0":{"name":"(anonymous_1)","decl":{"start":{"line":114,"column":28},"end":{"line":114,"column":33}},"loc":{"start":{"line":114,"column":76},"end":{"line":131,"column":1}}}},"branchMap":{"0":{"loc":{"start":{"line":114,"column":35},"end":{"line":114,"column":57}},"type":"default-arg","locations":[{"start":{"line":114,"column":52},"end":{"line":114,"column":57}}]}},"s":{"0":3,"1":3,"2":3,"3":3,"4":3,"5":3,"6":3,"7":3,"8":3,"9":3,"10":3,"11":3,"12":3,"13":3,"14":3,"15":3,"16":3,"17":3,"18":3,"19":3,"20":3,"21":3,"22":3,"23":3,"24":3,"25":3,"26":3,"27":3,"28":3,"29":3,"30":3,"31":3,"32":3,"33":3,"34":3,"35":3,"36":3,"37":3,"38":3,"39":3,"40":0,"41":0,"42":0,"43":0,"44":0,"45":0,"46":0,"47":0,"48":0,"49":0,"50":0,"51":0,"52":0,"53":0,"54":3},"f":{"0":0},"b":{"0":[0]}}
,"/Users/kush/api-hub/backend/src/routes/auth.ts": {"path":"/Users/kush/api-hub/backend/src/routes/auth.ts","statementMap":{"0":{"start":{"line":1,"column":0},"end":{"line":1,"column":52}},"1":{"start":{"line":2,"column":0},"end":{"line":2,"column":33}},"2":{"start":{"line":3,"column":0},"end":{"line":3,"column":45}},"3":{"start":{"line":4,"column":0},"end":{"line":4,"column":68}},"4":{"start":{"line":5,"column":0},"end":{"line":5,"column":56}},"5":{"start":{"line":6,"column":0},"end":{"line":6,"column":22}},"6":{"start":{"line":8,"column":15},"end":{"line":8,"column":23}},"7":{"start":{"line":11,"column":23},"end":{"line":17,"column":2}},"8":{"start":{"line":19,"column":20},"end":{"line":22,"column":2}},"9":{"start":{"line":28,"column":0},"end":{"line":77,"column":3}},"10":{"start":{"line":29,"column":2},"end":{"line":76,"column":3}},"11":{"start":{"line":30,"column":29},"end":{"line":30,"column":62}},"12":{"start":{"line":31,"column":4},"end":{"line":34,"column":5}},"13":{"start":{"line":32,"column":6},"end":{"line":32,"column":64}},"14":{"start":{"line":33,"column":6},"end":{"line":33,"column":13}},"15":{"start":{"line":36,"column":59},"end":{"line":36,"column":64}},"16":{"start":{"line":39,"column":25},"end":{"line":39,"column":65}},"17":{"start":{"line":40,"column":4},"end":{"line":43,"column":5}},"18":{"start":{"line":41,"column":6},"end":{"line":41,"column":61}},"19":{"start":{"line":42,"column":6},"end":{"line":42,"column":13}},"20":{"start":{"line":46,"column":27},"end":{"line":46,"column":55}},"21":{"start":{"line":47,"column":17},"end":{"line":53,"column":6}},"22":{"start":{"line":56,"column":18},"end":{"line":60,"column":6}},"23":{"start":{"line":62,"column":4},"end":{"line":72,"column":7}},"24":{"start":{"line":74,"column":4},"end":{"line":74,"column":48}},"25":{"start":{"line":75,"column":4},"end":{"line":75,"column":61}},"26":{"start":{"line":83,"column":0},"end":{"line":129,"column":3}},"27":{"start":{"line":84,"column":2},"end":{"line":128,"column":3}},"28":{"start":{"line":85,"column":29},"end":{"line":85,"column":59}},"29":{"start":{"line":86,"column":4},"end":{"line":89,"column":5}},"30":{"start":{"line":87,"column":6},"end":{"line":87,"column":64}},"31":{"start":{"line":88,"column":6},"end":{"line":88,"column":13}},"32":{"start":{"line":91,"column":32},"end":{"line":91,"column":37}},"33":{"start":{"line":94,"column":17},"end":{"line":94,"column":57}},"34":{"start":{"line":95,"column":4},"end":{"line":98,"column":5}},"35":{"start":{"line":96,"column":6},"end":{"line":96,"column":61}},"36":{"start":{"line":97,"column":6},"end":{"line":97,"column":13}},"37":{"start":{"line":101,"column":28},"end":{"line":101,"column":74}},"38":{"start":{"line":102,"column":4},"end":{"line":105,"column":5}},"39":{"start":{"line":103,"column":6},"end":{"line":103,"column":61}},"40":{"start":{"line":104,"column":6},"end":{"line":104,"column":13}},"41":{"start":{"line":108,"column":18},"end":{"line":112,"column":6}},"42":{"start":{"line":114,"column":4},"end":{"line":124,"column":7}},"43":{"start":{"line":126,"column":4},"end":{"line":126,"column":41}},"44":{"start":{"line":127,"column":4},"end":{"line":127,"column":61}},"45":{"start":{"line":135,"column":0},"end":{"line":158,"column":3}},"46":{"start":{"line":136,"column":2},"end":{"line":157,"column":3}},"47":{"start":{"line":138,"column":20},"end":{"line":138,"column":44}},"48":{"start":{"line":139,"column":4},"end":{"line":142,"column":5}},"49":{"start":{"line":140,"column":6},"end":{"line":140,"column":54}},"50":{"start":{"line":141,"column":6},"end":{"line":141,"column":13}},"51":{"start":{"line":144,"column":17},"end":{"line":146,"column":6}},"52":{"start":{"line":148,"column":4},"end":{"line":151,"column":5}},"53":{"start":{"line":149,"column":6},"end":{"line":149,"column":56}},"54":{"start":{"line":150,"column":6},"end":{"line":150,"column":13}},"55":{"start":{"line":153,"column":4},"end":{"line":153,"column":23}},"56":{"start":{"line":155,"column":4},"end":{"line":155,"column":44}},"57":{"start":{"line":156,"column":4},"end":{"line":156,"column":61}},"58":{"start":{"line":160,"column":0},"end":{"line":160,"column":22}}},"fnMap":{"0":{"name":"(anonymous_1)","decl":{"start":{"line":28,"column":38},"end":{"line":28,"column":43}},"loc":{"start":{"line":28,"column":91},"end":{"line":77,"column":1}}},"1":{"name":"(anonymous_2)","decl":{"start":{"line":83,"column":35},"end":{"line":83,"column":40}},"loc":{"start":{"line":83,"column":88},"end":{"line":129,"column":1}}},"2":{"name":"(anonymous_3)","decl":{"start":{"line":135,"column":18},"end":{"line":135,"column":23}},"loc":{"start":{"line":135,"column":71},"end":{"line":158,"column":1}}}},"branchMap":{"0":{"loc":{"start":{"line":31,"column":4},"end":{"line":34,"column":5}},"type":"if","locations":[{"start":{"line":31,"column":4},"end":{"line":34,"column":5}},{"start":{},"end":{}}]},"1":{"loc":{"start":{"line":40,"column":4},"end":{"line":43,"column":5}},"type":"if","locations":[{"start":{"line":40,"column":4},"end":{"line":43,"column":5}},{"start":{},"end":{}}]},"2":{"loc":{"start":{"line":86,"column":4},"end":{"line":89,"column":5}},"type":"if","locations":[{"start":{"line":86,"column":4},"end":{"line":89,"column":5}},{"start":{},"end":{}}]},"3":{"loc":{"start":{"line":95,"column":4},"end":{"line":98,"column":5}},"type":"if","locations":[{"start":{"line":95,"column":4},"end":{"line":98,"column":5}},{"start":{},"end":{}}]},"4":{"loc":{"start":{"line":95,"column":8},"end":{"line":95,"column":31}},"type":"binary-expr","locations":[{"start":{"line":95,"column":8},"end":{"line":95,"column":13}},{"start":{"line":95,"column":17},"end":{"line":95,"column":31}}]},"5":{"loc":{"start":{"line":102,"column":4},"end":{"line":105,"column":5}},"type":"if","locations":[{"start":{"line":102,"column":4},"end":{"line":105,"column":5}},{"start":{},"end":{}}]},"6":{"loc":{"start":{"line":139,"column":4},"end":{"line":142,"column":5}},"type":"if","locations":[{"start":{"line":139,"column":4},"end":{"line":142,"column":5}},{"start":{},"end":{}}]},"7":{"loc":{"start":{"line":148,"column":4},"end":{"line":151,"column":5}},"type":"if","locations":[{"start":{"line":148,"column":4},"end":{"line":151,"column":5}},{"start":{},"end":{}}]}},"s":{"0":3,"1":3,"2":3,"3":3,"4":3,"5":3,"6":3,"7":3,"8":3,"9":3,"10":7,"11":7,"12":7,"13":7,"14":7,"15":0,"16":0,"17":0,"18":0,"19":0,"20":0,"21":0,"22":0,"23":0,"24":0,"25":0,"26":3,"27":0,"28":0,"29":0,"30":0,"31":0,"32":0,"33":0,"34":0,"35":0,"36":0,"37":0,"38":0,"39":0,"40":0,"41":0,"42":0,"43":0,"44":0,"45":3,"46":0,"47":0,"48":0,"49":0,"50":0,"51":0,"52":0,"53":0,"54":0,"55":0,"56":0,"57":0,"58":3},"f":{"0":7,"1":0,"2":0},"b":{"0":[7,0],"1":[0,0],"2":[0,0],"3":[0,0],"4":[0,0],"5":[0,0],"6":[0,0],"7":[0,0]}}
,"/Users/kush/api-hub/backend/src/routes/data.ts": {"path":"/Users/kush/api-hub/backend/src/routes/data.ts","statementMap":{"0":{"start":{"line":1,"column":0},"end":{"line":1,"column":43}},"1":{"start":{"line":2,"column":0},"end":{"line":2,"column":45}},"2":{"start":{"line":4,"column":0},"end":{"line":4,"column":63}},"3":{"start":{"line":5,"column":0},"end":{"line":5,"column":60}},"4":{"start":{"line":6,"column":0},"end":{"line":6,"column":48}},"5":{"start":{"line":7,"column":0},"end":{"line":7,"column":41}},"6":{"start":{"line":9,"column":15},"end":{"line":9,"column":23}},"7":{"start":{"line":15,"column":0},"end":{"line":99,"column":2}},"8":{"start":{"line":19,"column":4},"end":{"line":97,"column":5}},"9":{"start":{"line":20,"column":27},"end":{"line":20,"column":70}},"10":{"start":{"line":21,"column":21},"end":{"line":21,"column":37}},"11":{"start":{"line":22,"column":19},"end":{"line":22,"column":59}},"12":{"start":{"line":25,"column":22},"end":{"line":27,"column":8}},"13":{"start":{"line":29,"column":6},"end":{"line":32,"column":7}},"14":{"start":{"line":30,"column":8},"end":{"line":30,"column":65}},"15":{"start":{"line":31,"column":8},"end":{"line":31,"column":15}},"16":{"start":{"line":35,"column":23},"end":{"line":35,"column":59}},"17":{"start":{"line":36,"column":21},"end":{"line":36,"column":52}},"18":{"start":{"line":38,"column":6},"end":{"line":41,"column":7}},"19":{"start":{"line":39,"column":8},"end":{"line":39,"column":61}},"20":{"start":{"line":40,"column":8},"end":{"line":40,"column":15}},"21":{"start":{"line":44,"column":21},"end":{"line":49,"column":8}},"22":{"start":{"line":53,"column":8},"end":{"line":53,"column":79}},"23":{"start":{"line":55,"column":24},"end":{"line":55,"column":42}},"24":{"start":{"line":57,"column":6},"end":{"line":82,"column":7}},"25":{"start":{"line":58,"column":8},"end":{"line":81,"column":9}},"26":{"start":{"line":59,"column":34},"end":{"line":61,"column":null}},"27":{"start":{"line":65,"column":34},"end":{"line":65,"column":77}},"28":{"start":{"line":66,"column":10},"end":{"line":74,"column":13}},"29":{"start":{"line":76,"column":10},"end":{"line":76,"column":52}},"30":{"start":{"line":78,"column":10},"end":{"line":78,"column":56}},"31":{"start":{"line":79,"column":10},"end":{"line":79,"column":88}},"32":{"start":{"line":80,"column":10},"end":{"line":80,"column":17}},"33":{"start":{"line":85,"column":19},"end":{"line":85,"column":90}},"34":{"start":{"line":88,"column":6},"end":{"line":88,"column":55}},"35":{"start":{"line":91,"column":6},"end":{"line":91,"column":68}},"36":{"start":{"line":93,"column":6},"end":{"line":93,"column":40}},"37":{"start":{"line":95,"column":6},"end":{"line":95,"column":46}},"38":{"start":{"line":96,"column":6},"end":{"line":96,"column":79}},"39":{"start":{"line":105,"column":0},"end":{"line":172,"column":3}},"40":{"start":{"line":106,"column":2},"end":{"line":171,"column":3}},"41":{"start":{"line":107,"column":19},"end":{"line":107,"column":35}},"42":{"start":{"line":108,"column":17},"end":{"line":108,"column":57}},"43":{"start":{"line":111,"column":21},"end":{"line":113,"column":6}},"44":{"start":{"line":115,"column":4},"end":{"line":118,"column":5}},"45":{"start":{"line":116,"column":6},"end":{"line":116,"column":63}},"46":{"start":{"line":117,"column":6},"end":{"line":117,"column":13}},"47":{"start":{"line":121,"column":25},"end":{"line":157,"column":6}},"48":{"start":{"line":122,"column":6},"end":{"line":156,"column":7}},"49":{"start":{"line":124,"column":25},"end":{"line":124,"column":69}},"50":{"start":{"line":125,"column":23},"end":{"line":125,"column":54}},"51":{"start":{"line":127,"column":8},"end":{"line":129,"column":9}},"52":{"start":{"line":128,"column":10},"end":{"line":128,"column":88}},"53":{"start":{"line":132,"column":23},"end":{"line":137,"column":10}},"54":{"start":{"line":140,"column":21},"end":{"line":143,"column":null}},"55":{"start":{"line":147,"column":8},"end":{"line":147,"column":57}},"56":{"start":{"line":150,"column":8},"end":{"line":150,"column":70}},"57":{"start":{"line":152,"column":8},"end":{"line":152,"column":67}},"58":{"start":{"line":154,"column":8},"end":{"line":154,"column":73}},"59":{"start":{"line":155,"column":8},"end":{"line":155,"column":68}},"60":{"start":{"line":159,"column":20},"end":{"line":159,"column":51}},"61":{"start":{"line":162,"column":24},"end":{"line":165,"column":10}},"62":{"start":{"line":163,"column":6},"end":{"line":163,"column":68}},"63":{"start":{"line":164,"column":6},"end":{"line":164,"column":17}},"64":{"start":{"line":167,"column":4},"end":{"line":167,"column":36}},"65":{"start":{"line":169,"column":4},"end":{"line":169,"column":52}},"66":{"start":{"line":170,"column":4},"end":{"line":170,"column":61}},"67":{"start":{"line":174,"column":0},"end":{"line":174,"column":22}}},"fnMap":{"0":{"name":"(anonymous_1)","decl":{"start":{"line":18,"column":2},"end":{"line":18,"column":7}},"loc":{"start":{"line":18,"column":59},"end":{"line":98,"column":3}}},"1":{"name":"(anonymous_2)","decl":{"start":{"line":105,"column":30},"end":{"line":105,"column":35}},"loc":{"start":{"line":105,"column":87},"end":{"line":172,"column":1}}},"2":{"name":"(anonymous_3)","decl":{"start":{"line":121,"column":38},"end":{"line":121,"column":43}},"loc":{"start":{"line":121,"column":56},"end":{"line":157,"column":5}}},"3":{"name":"(anonymous_4)","decl":{"start":{"line":162,"column":39},"end":{"line":162,"column":40}},"loc":{"start":{"line":162,"column":60},"end":{"line":165,"column":5}}}},"branchMap":{"0":{"loc":{"start":{"line":22,"column":19},"end":{"line":22,"column":59}},"type":"binary-expr","locations":[{"start":{"line":22,"column":19},"end":{"line":22,"column":53}},{"start":{"line":22,"column":57},"end":{"line":22,"column":59}}]},"1":{"loc":{"start":{"line":29,"column":6},"end":{"line":32,"column":7}},"type":"if","locations":[{"start":{"line":29,"column":6},"end":{"line":32,"column":7}},{"start":{},"end":{}}]},"2":{"loc":{"start":{"line":38,"column":6},"end":{"line":41,"column":7}},"type":"if","locations":[{"start":{"line":38,"column":6},"end":{"line":41,"column":7}},{"start":{},"end":{}}]},"3":{"loc":{"start":{"line":53,"column":8},"end":{"line":53,"column":79}},"type":"binary-expr","locations":[{"start":{"line":53,"column":8},"end":{"line":53,"column":30}},{"start":{"line":53,"column":34},"end":{"line":53,"column":79}}]},"4":{"loc":{"start":{"line":57,"column":6},"end":{"line":82,"column":7}},"type":"if","locations":[{"start":{"line":57,"column":6},"end":{"line":82,"column":7}},{"start":{},"end":{}}]},"5":{"loc":{"start":{"line":57,"column":10},"end":{"line":57,"column":45}},"type":"binary-expr","locations":[{"start":{"line":57,"column":10},"end":{"line":57,"column":22}},{"start":{"line":57,"column":26},"end":{"line":57,"column":45}}]},"6":{"loc":{"start":{"line":69,"column":28},"end":{"line":71,"column":20}},"type":"cond-expr","locations":[{"start":{"line":70,"column":16},"end":{"line":70,"column":71}},{"start":{"line":71,"column":16},"end":{"line":71,"column":20}}]},"7":{"loc":{"start":{"line":96,"column":36},"end":{"line":96,"column":75}},"type":"binary-expr","locations":[{"start":{"line":96,"column":36},"end":{"line":96,"column":49}},{"start":{"line":96,"column":53},"end":{"line":96,"column":75}}]},"8":{"loc":{"start":{"line":108,"column":17},"end":{"line":108,"column":57}},"type":"binary-expr","locations":[{"start":{"line":108,"column":17},"end":{"line":108,"column":51}},{"start":{"line":108,"column":55},"end":{"line":108,"column":57}}]},"9":{"loc":{"start":{"line":115,"column":4},"end":{"line":118,"column":5}},"type":"if","locations":[{"start":{"line":115,"column":4},"end":{"line":118,"column":5}},{"start":{},"end":{}}]},"10":{"loc":{"start":{"line":127,"column":8},"end":{"line":129,"column":9}},"type":"if","locations":[{"start":{"line":127,"column":8},"end":{"line":129,"column":9}},{"start":{},"end":{}}]},"11":{"loc":{"start":{"line":163,"column":29},"end":{"line":163,"column":67}},"type":"binary-expr","locations":[{"start":{"line":163,"column":29},"end":{"line":163,"column":40}},{"start":{"line":163,"column":44},"end":{"line":163,"column":67}}]}},"s":{"0":0,"1":0,"2":0,"3":0,"4":0,"5":0,"6":0,"7":0,"8":0,"9":0,"10":0,"11":0,"12":0,"13":0,"14":0,"15":0,"16":0,"17":0,"18":0,"19":0,"20":0,"21":0,"22":0,"23":0,"24":0,"25":0,"26":0,"27":0,"28":0,"29":0,"30":0,"31":0,"32":0,"33":0,"34":0,"35":0,"36":0,"37":0,"38":0,"39":0,"40":0,"41":0,"42":0,"43":0,"44":0,"45":0,"46":0,"47":0,"48":0,"49":0,"50":0,"51":0,"52":0,"53":0,"54":0,"55":0,"56":0,"57":0,"58":0,"59":0,"60":0,"61":0,"62":0,"63":0,"64":0,"65":0,"66":0,"67":0},"f":{"0":0,"1":0,"2":0,"3":0},"b":{"0":[0,0],"1":[0,0],"2":[0,0],"3":[0,0],"4":[0,0],"5":[0,0],"6":[0,0],"7":[0,0],"8":[0,0],"9":[0,0],"10":[0,0],"11":[0,0]}}
[...]
"start":{"line":109,"column":2},"end":{"line":121,"column":3}},"21":{"start":{"line":120,"column":4},"end":{"line":120,"column":24}},"22":{"start":{"line":124,"column":2},"end":{"line":134,"column":3}},"23":{"start":{"line":133,"column":4},"end":{"line":133,"column":20}},"24":{"start":{"line":136,"column":2},"end":{"line":136,"column":17}},"25":{"start":{"line":143,"column":32},"end":{"line":143,"column":34}},"26":{"start":{"line":145,"column":2},"end":{"line":145,"column":84}},"27":{"start":{"line":145,"column":37},"end":{"line":145,"column":84}},"28":{"start":{"line":146,"column":2},"end":{"line":146,"column":86}},"29":{"start":{"line":146,"column":38},"end":{"line":146,"column":86}},"30":{"start":{"line":147,"column":2},"end":{"line":147,"column":68}},"31":{"start":{"line":147,"column":29},"end":{"line":147,"column":68}},"32":{"start":{"line":149,"column":2},"end":{"line":149,"column":41}},"33":{"start":{"line":149,"column":32},"end":{"line":149,"column":41}},"34":{"start":{"line":151,"column":14},"end":{"line":151,"column":81}},"35":{"start":{"line":151,"column":47},"end":{"line":151,"column":56}},"36":{"start":{"line":152,"column":2},"end":{"line":152,"column":37}},"37":{"start":{"line":159,"column":27},"end":{"line":159,"column":29}},"38":{"start":{"line":161,"column":2},"end":{"line":163,"column":3}},"39":{"start":{"line":162,"column":4},"end":{"line":162,"column":62}},"40":{"start":{"line":165,"column":2},"end":{"line":167,"column":3}},"41":{"start":{"line":166,"column":4},"end":{"line":166,"column":53}},"42":{"start":{"line":169,"column":2},"end":{"line":171,"column":3}},"43":{"start":{"line":170,"column":4},"end":{"line":170,"column":57}},"44":{"start":{"line":173,"column":2},"end":{"line":176,"column":4}}},"fnMap":{"0":{"name":"(anonymous_1)","decl":{"start":{"line":26,"column":34},"end":{"line":26,"column":39}},"loc":{"start":{"line":26,"column":83},"end":{"line":73,"column":1}}},"1":{"name":"(anonymous_2)","decl":{"start":{"line":55,"column":41},"end":{"line":55,"column":42}},"loc":{"start":{"line":55,"column":57},"end":{"line":60,"column":8}}},"2":{"name":"categorizeReceipt","decl":{"start":{"line":78,"column":9},"end":{"line":78,"column":26}},"loc":{"start":{"line":78,"column":57},"end":{"line":137,"column":1}}},"3":{"name":"calculateConfidence","decl":{"start":{"line":142,"column":9},"end":{"line":142,"column":28}},"loc":{"start":{"line":142,"column":38},"end":{"line":153,"column":1}}},"4":{"name":"(anonymous_5)","decl":{"start":{"line":151,"column":33},"end":{"line":151,"column":34}},"loc":{"start":{"line":151,"column":47},"end":{"line":151,"column":56}}},"5":{"name":"validateReceiptData","decl":{"start":{"line":158,"column":16},"end":{"line":158,"column":35}},"loc":{"start":{"line":158,"column":53},"end":{"line":177,"column":1}}}},"branchMap":{"0":{"loc":{"start":{"line":3,"column":23},"end":{"line":3,"column":55}},"type":"binary-expr","locations":[{"start":{"line":3,"column":23},"end":{"line":3,"column":49}},{"start":{"line":3,"column":53},"end":{"line":3,"column":55}}]},"1":{"loc":{"start":{"line":45,"column":21},"end":{"line":45,"column":83}},"type":"binary-expr","locations":[{"start":{"line":45,"column":21},"end":{"line":45,"column":46}},{"start":{"line":45,"column":50},"end":{"line":45,"column":70}},{"start":{"line":45,"column":74},"end":{"line":45,"column":83}}]},"2":{"loc":{"start":{"line":46,"column":49},"end":{"line":46,"column":70}},"type":"binary-expr","locations":[{"start":{"line":46,"column":49},"end":{"line":46,"column":64}},{"start":{"line":46,"column":68},"end":{"line":46,"column":70}}]},"3":{"loc":{"start":{"line":51,"column":12},"end":{"line":51,"column":48}},"type":"binary-expr","locations":[{"start":{"line":51,"column":12},"end":{"line":51,"column":28}},{"start":{"line":51,"column":32},"end":{"line":51,"column":48}}]},"4":{"loc":{"start":{"line":52,"column":24},"end":{"line":52,"column":81}},"type":"binary-expr","locations":[{"start":{"line":52,"column":24},"end":{"line":52,"column":48}},{"start":{"line":52,"column":52},"end":{"line":52,"column":74}},{"start":{"line":52,"column":78},"end":{"line":52,"column":81}}]},"5":{"loc":{"start":{"line":53,"column":16},"end":{"line":53,"column":46}},"type":"binary-expr","locations":[{"start":{"line":53,"column":16},"end":{"line":53,"column":37}},{"start":{"line":53,"column":41},"end":{"line":53,"column":46}}]},"6":{"loc":{"start":{"line":55,"column":14},"end":{"line":55,"column":35}},"type":"binary-expr","locations":[{"start":{"line":55,"column":14},"end":{"line":55,"column":29}},{"start":{"line":55,"column":33},"end":{"line":55,"column":35}}]},"7":{"loc":{"start":{"line":56,"column":21},"end":{"line":56,"column":43}},"type":"binary-expr","locations":[{"start":{"line":56,"column":21},"end":{"line":56,"column":37}},{"start":{"line":56,"column":41},"end":{"line":56,"column":43}}]},"8":{"loc":{"start":{"line":57,"column":29},"end":{"line":57,"column":49}},"type":"binary-expr","locations":[{"start":{"line":57,"column":29},"end":{"line":57,"column":42}},{"start":{"line":57,"column":46},"end":{"line":57,"column":49}}]},"9":{"loc":{"start":{"line":58,"column":30},"end":{"line":58,"column":52}},"type":"binary-expr","locations":[{"start":{"line":58,"column":30},"end":{"line":58,"column":45}},{"start":{"line":58,"column":49},"end":{"line":58,"column":52}}]},"10":{"loc":{"start":{"line":59,"column":32},"end":{"line":59,"column":56}},"type":"binary-expr","locations":[{"start":{"line":59,"column":32},"end":{"line":59,"column":49}},{"start":{"line":59,"column":53},"end":{"line":59,"column":56}}]},"11":{"loc":{"start":{"line":63,"column":43},"end":{"line":63,"column":80}},"type":"binary-expr","locations":[{"start":{"line":63,"column":43},"end":{"line":63,"column":63}},{"start":{"line":63,"column":67},"end":{"line":63,"column":80}}]},"12":{"loc":{"start":{"line":82,"column":2},"end":{"line":91,"column":3}},"type":"if","locations":[{"start":{"line":82,"column":2},"end":{"line":91,"column":3}},{"start":{},"end":{}}]},"13":{"loc":{"start":{"line":83,"column":4},"end":{"line":88,"column":41}},"type":"binary-expr","locations":[{"start":{"line":83,"column":4},"end":{"line":83,"column":35}},{"start":{"line":84,"column":4},"end":{"line":84,"column":38}},{"start":{"line":85,"column":4},"end":{"line":85,"column":41}},{"start":{"line":86,"column":4},"end":{"line":86,"column":36}},{"start":{"line":87,"column":4},"end":{"line":87,"column":36}},{"start":{"line":88,"column":4},"end":{"line":88,"column":41}}]},"14":{"loc":{"start":{"line":94,"column":2},"end":{"line":106,"column":3}},"type":"if","locations":[{"start":{"line":94,"column":2},"end":{"line":106,"column":3}},{"start":{},"end":{}}]},"15":{"loc":{"start":{"line":95,"column":4},"end":{"line":103,"column":36}},"type":"binary-expr","locations":[{"start":{"line":95,"column":4},"end":{"line":95,"column":37}},{"start":{"line":96,"column":4},"end":{"line":96,"column":36}},{"start":{"line":97,"column":4},"end":{"line":97,"column":36}},{"start":{"line":98,"column":4},"end":{"line":98,"column":36}},{"start":{"line":99,"column":4},"end":{"line":99,"column":37}},{"start":{"line":100,"column":4},"end":{"line":100,"column":41}},{"start":{"line":101,"column":4},"end":{"line":101,"column":40}},{"start":{"line":102,"column":4},"end":{"line":102,"column":37}},{"start":{"line":103,"column":4},"end":{"line":103,"column":36}}]},"16":{"loc":{"start":{"line":109,"column":2},"end":{"line":121,"column":3}},"type":"if","locations":[{"start":{"line":109,"column":2},"end":{"line":121,"column":3}},{"start":{},"end":{}}]},"17":{"loc":{"start":{"line":110,"column":4},"end":{"line":118,"column":36}},"type":"binary-expr","locations":[{"start":{"line":110,"column":4},"end":{"line":110,"column":40}},{"start":{"line":111,"column":4},"end":{"line":111,"column":34}},{"start":{"line":112,"column":4},"end":{"line":112,"column":35}},{"start":{"line":113,"column":4},"end":{"line":113,"column":36}},{"start":{"line":114,"column":4},"end":{"line":114,"column":35}},{"start":{"line":115,"column":4},"end":{"line":115,"column":37}},{"start":{"line":116,"column":4},"end":{"line":116,"column":38}},{"start":{"line":117,"column":4},"end":{"line":117,"column":39}},{"start":{"line":118,"column":4},"end":{"line":118,"column":36}}]},"18":{"loc":{"start":{"line":124,"column":2},"end":{"line":134,"column":3}},"type":"if","locations":[{"start":{"line":124,"column":2},"end":{"line":134,"column":3}},{"start":{},"end":{}}]},"19":{"loc":{"start":{"line":125,"column":4},"end":{"line":131,"column":35}},"type":"binary-expr","locations":[{"start":{"line":125,"column":4},"end":{"line":125,"column":34}},{"start":{"line":126,"column":4},"end":{"line":126,"column":39}},{"start":{"line":127,"column":4},"end":{"line":127,"column":33}},{"start":{"line":128,"column":4},"end":{"line":128,"column":38}},{"start":{"line":129,"column":4},"end":{"line":129,"column":37}},{"start":{"line":130,"column":4},"end":{"line":130,"column":34}},{"start":{"line":131,"column":4},"end":{"line":131,"column":35}}]},"20":{"loc":{"start":{"line":145,"column":2},"end":{"line":145,"column":84}},"type":"if","locations":[{"start":{"line":145,"column":2},"end":{"line":145,"column":84}},{"start":{},"end":{}}]},"21":{"loc":{"start":{"line":146,"column":2},"end":{"line":146,"column":86}},"type":"if","locations":[{"start":{"line":146,"column":2},"end":{"line":146,"column":86}},{"start":{},"end":{}}]},"22":{"loc":{"start":{"line":147,"column":2},"end":{"line":147,"column":68}},"type":"if","locations":[{"start":{"line":147,"column":2},"end":{"line":147,"column":68}},{"start":{},"end":{}}]},"23":{"loc":{"start":{"line":149,"column":2},"end":{"line":149,"column":41}},"type":"if","locations":[{"start":{"line":149,"column":2},"end":{"line":149,"column":41}},{"start":{},"end":{}}]},"24":{"loc":{"start":{"line":161,"column":2},"end":{"line":163,"column":3}},"type":"if","locations":[{"start":{"line":161,"column":2},"end":{"line":163,"column":3}},{"start":{},"end":{}}]},"25":{"loc":{"start":{"line":161,"column":6},"end":{"line":161,"column":36}},"type":"binary-expr","locations":[{"start":{"line":161,"column":6},"end":{"line":161,"column":17}},{"start":{"line":161,"column":21},"end":{"line":161,"column":36}}]},"26":{"loc":{"start":{"line":165,"column":2},"end":{"line":167,"column":3}},"type":"if","locations":[{"start":{"line":165,"column":2},"end":{"line":167,"column":3}},{"start":{},"end":{}}]},"27":{"loc":{"start":{"line":165,"column":6},"end":{"line":165,"column":46}},"type":"binary-expr","locations":[{"start":{"line":165,"column":6},"end":{"line":165,"column":21}},{"start":{"line":165,"column":25},"end":{"line":165,"column":46}}]},"28":{"loc":{"start":{"line":169,"column":2},"end":{"line":171,"column":3}},"type":"if","locations":[{"start":{"line":169,"column":2},"end":{"line":171,"column":3}},{"start":{},"end":{}}]},"29":{"loc":{"start":{"line":169,"column":6},"end":{"line":169,"column":51}},"type":"binary-expr","locations":[{"start":{"line":169,"column":6},"end":{"line":169,"column":20}},{"start":{"line":169,"column":24},"end":{"line":169,"column":51}}]}},"s":{"0":1,"1":1,"2":1,"3":1,"4":1,"5":0,"6":0,"7":0,"8":0,"9":0,"10":0,"11":0,"12":0,"13":0,"14":1,"15":0,"16":0,"17":0,"18":0,"19":0,"20":0,"21":0,"22":0,"23":0,"24":0,"25":0,"26":0,"27":0,"28":0,"29":0,"30":0,"31":0,"32":0,"33":0,"34":0,"35":0,"36":0,"37":0,"38":0,"39":0,"40":0,"41":0,"42":0,"43":0,"44":0},"f":{"0":0,"1":0,"2":0,"3":0,"4":0,"5":0},"b":{"0":[1,1],"1":[0,0,0],"2":[0,0],"3":[0,0],"4":[0,0,0],"5":[0,0],"6":[0,0],"7":[0,0],"8":[0,0],"9":[0,0],"10":[0,0],"11":[0,0],"12":[0,0],"13":[0,0,0,0,0,0],"14":[0,0],"15":[0,0,0,0,0,0,0,0,0],"16":[0,0],"17":[0,0,0,0,0,0,0,0,0],"18":[0,0],"19":[0,0,0,0,0,0,0],"20":[0,0],"21":[0,0],"22":[0,0],"23":[0,0],"24":[0,0],"25":[0,0],"26":[0,0],"27":[0,0],"28":[0,0],"29":[0,0]}}
,"/Users/kush/api-hub/backend/src/utils/paypal.ts": {"path":"/Users/kush/api-hub/backend/src/utils/paypal.ts","statementMap":{"0":{"start":{"line":1,"column":0},"end":{"line":1,"column":41}},"1":{"start":{"line":3,"column":25},"end":{"line":3,"column":59}},"2":{"start":{"line":4,"column":29},"end":{"line":4,"column":67}},"3":{"start":{"line":5,"column":20},"end":{"line":5,"column":56}},"4":{"start":{"line":8,"column":20},"end":{"line":10,"column":78}},"5":{"start":{"line":12,"column":15},"end":{"line":12,"column":60}},"6":{"start":{"line":34,"column":26},"end":{"line":89,"column":1}},"7":{"start":{"line":35,"column":2},"end":{"line":88,"column":3}},"8":{"start":{"line":36,"column":4},"end":{"line":38,"column":5}},"9":{"start":{"line":37,"column":6},"end":{"line":37,"column":59}},"10":{"start":{"line":40,"column":24},"end":{"line":58,"column":6}},"11":{"start":{"line":60,"column":20},"end":{"line":60,"column":59}},"12":{"start":{"line":61,"column":4},"end":{"line":61,"column":37}},"13":{"start":{"line":63,"column":21},"end":{"line":63,"column":50}},"14":{"start":{"line":65,"column":4},"end":{"line":81,"column":5}},"15":{"start":{"line":66,"column":22},"end":{"line":66,"column":66}},"16":{"start":{"line":67,"column":19},"end":{"line":67,"column":45}},"17":{"start":{"line":69,"column":6},"end":{"line":75,"column":8}},"18":{"start":{"line":77,"column":6},"end":{"line":80,"column":8}},"19":{"start":{"line":83,"column":4},"end":{"line":83,"column":49}},"20":{"start":{"line":84,"column":4},"end":{"line":87,"column":6}},"21":{"start":{"line":34,"column":13},"end":{"line":34,"column":26}},"22":{"start":{"line":94,"column":31},"end":{"line":118,"column":1}},"23":{"start":{"line":95,"column":2},"end":{"line":117,"column":3}},"24":{"start":{"line":96,"column":20},"end":{"line":96,"column":65}},"25":{"start":{"line":97,"column":21},"end":{"line":97,"column":50}},"26":{"start":{"line":99,"column":4},"end":{"line":105,"column":5}},"27":{"start":{"line":100,"column":6},"end":{"line":104,"column":8}},"28":{"start":{"line":107,"column":4},"end":{"line":110,"column":6}},"29":{"start":{"line":112,"column":4},"end":{"line":112,"column":55}},"30":{"start":{"line":113,"column":4},"end":{"line":116,"column":6}},"31":{"start":{"line":94,"column":13},"end":{"line":94,"column":31}},"32":{"start":{"line":123,"column":35},"end":{"line":126,"column":1}},"33":{"start":{"line":124,"column":21},"end":{"line":124,"column":49}},"34":{"start":{"line":125,"column":2},"end":{"line":125,"column":32}},"35":{"start":{"line":123,"column":13},"end":{"line":123,"column":35}}},"fnMap":{"0":{"name":"(anonymous_1)","decl":{"start":{"line":34,"column":26},"end":{"line":34,"column":31}},"loc":{"start":{"line":34,"column":90},"end":{"line":89,"column":1}}},"1":{"name":"(anonymous_2)","decl":{"start":{"line":94,"column":31},"end":{"line":94,"column":36}},"loc":{"start":{"line":94,"column":71},"end":{"line":118,"column":1}}},"2":{"name":"(anonymous_3)","decl":{"start":{"line":123,"column":35},"end":{"line":123,"column":36}},"loc":{"start":{"line":123,"column":62},"end":{"line":126,"column":1}}}},"branchMap":{"0":{"loc":{"start":{"line":3,"column":25},"end":{"line":3,"column":59}},"type":"binary-expr","locations":[{"start":{"line":3,"column":25},"end":{"line":3,"column":53}},{"start":{"line":3,"column":57},"end":{"line":3,"column":59}}]},"1":{"loc":{"start":{"line":4,"column":29},"end":{"line":4,"column":67}},"type":"binary-expr","locations":[{"start":{"line":4,"column":29},"end":{"line":4,"column":61}},{"start":{"line":4,"column":65},"end":{"line":4,"column":67}}]},"2":{"loc":{"start":{"line":5,"column":20},"end":{"line":5,"column":56}},"type":"binary-expr","locations":[{"start":{"line":5,"column":20},"end":{"line":5,"column":43}},{"start":{"line":5,"column":47},"end":{"line":5,"column":56}}]},"3":{"loc":{"start":{"line":8,"column":20},"end":{"line":10,"column":78}},"type":"cond-expr","locations":[{"start":{"line":9,"column":4},"end":{"line":9,"column":75}},{"start":{"line":10,"column":4},"end":{"line":10,"column":78}}]},"4":{"loc":{"start":{"line":36,"column":4},"end":{"line":38,"column":5}},"type":"if","locations":[{"start":{"line":36,"column":4},"end":{"line":38,"column":5}},{"start":{},"end":{}}]},"5":{"loc":{"start":{"line":36,"column":8},"end":{"line":36,"column":50}},"type":"binary-expr","locations":[{"start":{"line":36,"column":8},"end":{"line":36,"column":25}},{"start":{"line":36,"column":29},"end":{"line":36,"column":50}}]},"6":{"loc":{"start":{"line":51,"column":22},"end":{"line":51,"column":53}},"type":"binary-expr","locations":[{"start":{"line":51,"column":22},"end":{"line":51,"column":44}},{"start":{"line":51,"column":48},"end":{"line":51,"column":53}}]},"7":{"loc":{"start":{"line":53,"column":16},"end":{"line":53,"column":62}},"type":"binary-expr","locations":[{"start":{"line":53,"column":16},"end":{"line":53,"column":34}},{"start":{"line":53,"column":38},"end":{"line":53,"column":62}}]},"8":{"loc":{"start":{"line":65,"column":4},"end":{"line":81,"column":5}},"type":"if","locations":[{"start":{"line":65,"column":4},"end":{"line":81,"column":5}},{"start":{"line":76,"column":11},"end":{"line":81,"column":5}}]},"9":{"loc":{"start":{"line":74,"column":16},"end":{"line":74,"column":53}},"type":"binary-expr","locations":[{"start":{"line":74,"column":16},"end":{"line":74,"column":40}},{"start":{"line":74,"column":44},"end":{"line":74,"column":53}}]},"10":{"loc":{"start":{"line":86,"column":13},"end":{"line":86,"column":56}},"type":"binary-expr","locations":[{"start":{"line":86,"column":13},"end":{"line":86,"column":26}},{"start":{"line":86,"column":30},"end":{"line":86,"column":56}}]},"11":{"loc":{"start":{"line":99,"column":4},"end":{"line":105,"column":5}},"type":"if","locations":[{"start":{"line":99,"column":4},"end":{"line":105,"column":5}},{"start":{},"end":{}}]}},"s":{"0":1,"1":1,"2":1,"3":1,"4":1,"5":1,"6":1,"7":0,"8":0,"9":0,"10":0,"11":0,"12":0,"13":0,"14":0,"15":0,"16":0,"17":0,"18":0,"19":0,"20":0,"21":1,"22":1,"23":0,"24":0,"25":0,"26":0,"27":0,"28":0,"29":0,"30":0,"31":1,"32":1,"33":0,"34":0,"35":1},"f":{"0":0,"1":0,"2":0},"b":{"0":[1,1],"1":[1,1],"2":[1,1],"3":[0,1],"4":[0,0],"5":[0,0],"6":[0,0],"7":[0,0],"8":[0,0],"9":[0,0],"10":[0,0],"11":[0,0]}}
,"/Users/kush/api-hub/backend/src/utils/redis.ts": {"path":"/Users/kush/api-hub/backend/src/utils/redis.ts","statementMap":{"0":{"start":{"line":1,"column":0},"end":{"line":1,"column":28}},"1":{"start":{"line":2,"column":0},"end":{"line":2,"column":28}},"2":{"start":{"line":4,"column":0},"end":{"line":4,"column":16}},"3":{"start":{"line":6,"column":20},"end":{"line":14,"column":2}},"4":{"start":{"line":10,"column":18},"end":{"line":10,"column":44}},"5":{"start":{"line":11,"column":4},"end":{"line":11,"column":17}},"6":{"start":{"line":16,"column":0},"end":{"line":18,"column":3}},"7":{"start":{"line":17,"column":2},"end":{"line":17,"column":42}},"8":{"start":{"line":20,"column":0},"end":{"line":22,"column":3}},"9":{"start":{"line":21,"column":2},"end":{"line":21,"column":46}},"10":{"start":{"line":24,"column":0},"end":{"line":24,"column":27}}},"fnMap":{"0":{"name":"(anonymous_1)","decl":{"start":{"line":9,"column":17},"end":{"line":9,"column":18}},"loc":{"start":{"line":9,"column":27},"end":{"line":12,"column":3}}},"1":{"name":"(anonymous_2)","decl":{"start":{"line":16,"column":26},"end":{"line":16,"column":29}},"loc":{"start":{"line":16,"column":31},"end":{"line":18,"column":1}}},"2":{"name":"(anonymous_3)","decl":{"start":{"line":20,"column":24},"end":{"line":20,"column":25}},"loc":{"start":{"line":20,"column":32},"end":{"line":22,"column":1}}}},"branchMap":{"0":{"loc":{"start":{"line":7,"column":8},"end":{"line":7,"column":45}},"type":"binary-expr","locations":[{"start":{"line":7,"column":8},"end":{"line":7,"column":30}},{"start":{"line":7,"column":34},"end":{"line":7,"column":45}}]},"1":{"loc":{"start":{"line":8,"column":17},"end":{"line":8,"column":49}},"type":"binary-expr","locations":[{"start":{"line":8,"column":17},"end":{"line":8,"column":39}},{"start":{"line":8,"column":43},"end":{"line":8,"column":49}}]}},"s":{"0":3,"1":3,"2":3,"3":3,"4":0,"5":0,"6":3,"7":3,"8":3,"9":0,"10":3},"f":{"0":0,"1":3,"2":0},"b":{"0":[3,0],"1":[3,0]}}
}
